  Menu.cpp
b:\lifix\source\PartialFeatures.hpp(44): warning C4996: 'sprintf': This function or variable may be unsafe. Consider using sprintf_s instead. To disable deprecation, use _CRT_SECURE_NO_WARNINGS. See online help for details.
  C:\Program Files (x86)\Windows Kits\10\Include\10.0.17763.0\ucrt\stdio.h(1774): note: see declaration of 'sprintf'
b:\lifix\source\PartialFeatures.hpp(65): warning C4244: 'return': conversion from 'double' to 'int', possible loss of data
b:\lifix\source\PartialFeatures.hpp(134): warning C4244: 'argument': conversion from 'int' to 'float', possible loss of data
b:\lifix\source\PartialFeatures.hpp(136): warning C4244: 'argument': conversion from 'int' to 'float', possible loss of data
b:\lifix\source\PartialFeatures.hpp(138): warning C4244: 'argument': conversion from 'int' to 'float', possible loss of data
b:\lifix\source\PartialFeatures.hpp(145): warning C4244: 'argument': conversion from 'int' to 'float', possible loss of data
b:\lifix\source\PartialFeatures.hpp(221): warning C4800: 'BOOL': forcing value to bool 'true' or 'false' (performance warning)
b:\lifix\source\PartialFeatures.hpp(12022): warning C4800: 'int': forcing value to bool 'true' or 'false' (performance warning)
b:\lifix\source\PartialFeatures.hpp(12024): warning C4800: 'int': forcing value to bool 'true' or 'false' (performance warning)
b:\lifix\source\PartialFeatures.hpp(12025): warning C4800: 'int': forcing value to bool 'true' or 'false' (performance warning)
b:\lifix\source\PartialFeatures.hpp(12026): warning C4800: 'int': forcing value to bool 'true' or 'false' (performance warning)
Menu.cpp(778): warning C4244: 'argument': conversion from 'float' to 'int', possible loss of data
Menu.cpp(908): warning C4305: '=': truncation from 'double' to 'float'
Menu.cpp(1061): warning C4305: '=': truncation from 'double' to 'float'
Menu.cpp(1066): warning C4305: '=': truncation from 'double' to 'float'
Menu.cpp(1071): warning C4305: '=': truncation from 'double' to 'float'
Menu.cpp(1076): warning C4305: '=': truncation from 'double' to 'float'
Menu.cpp(1086): warning C4305: '=': truncation from 'double' to 'float'
Menu.cpp(1106): warning C4305: '=': truncation from 'double' to 'float'
Menu.cpp(1212): warning C4305: '=': truncation from 'double' to 'float'
Menu.cpp(1359): warning C4244: 'argument': conversion from 'int' to 'float', possible loss of data
Menu.cpp(1363): warning C4244: 'argument': conversion from 'int' to 'float', possible loss of data
Menu.cpp(1366): warning C4244: 'argument': conversion from 'int' to 'float', possible loss of data
Menu.cpp(1369): warning C4244: 'argument': conversion from 'int' to 'float', possible loss of data
Menu.cpp(1949): warning C4244: '=': conversion from 'int' to 'float', possible loss of data
Menu.cpp(1955): warning C4244: '=': conversion from 'int' to 'float', possible loss of data
Menu.cpp(2011): warning C4305: 'argument': truncation from 'double' to 'float'
Menu.cpp(2012): warning C4305: 'argument': truncation from 'double' to 'float'
Menu.cpp(2013): warning C4305: 'argument': truncation from 'double' to 'float'
Menu.cpp(2014): warning C4305: 'argument': truncation from 'double' to 'float'
Menu.cpp(2015): warning C4305: 'argument': truncation from 'double' to 'float'
Menu.cpp(2016): warning C4305: 'argument': truncation from 'double' to 'float'
Menu.cpp(2017): warning C4305: 'argument': truncation from 'double' to 'float'
Menu.cpp(2018): warning C4305: 'argument': truncation from 'double' to 'float'
Menu.cpp(2019): warning C4305: 'argument': truncation from 'double' to 'float'
Menu.cpp(2020): warning C4305: 'argument': truncation from 'double' to 'float'
Menu.cpp(2021): warning C4305: 'argument': truncation from 'double' to 'float'
Menu.cpp(2022): warning C4305: 'argument': truncation from 'double' to 'float'
Menu.cpp(2023): warning C4305: 'argument': truncation from 'double' to 'float'
Menu.cpp(2024): warning C4305: 'argument': truncation from 'double' to 'float'
Menu.cpp(2025): warning C4305: 'argument': truncation from 'double' to 'float'
Menu.cpp(2026): warning C4305: 'argument': truncation from 'double' to 'float'
Menu.cpp(2027): warning C4305: 'argument': truncation from 'double' to 'float'
Menu.cpp(2028): warning C4305: 'argument': truncation from 'double' to 'float'
Menu.cpp(2029): warning C4305: 'argument': truncation from 'double' to 'float'
Menu.cpp(2030): warning C4305: 'argument': truncation from 'double' to 'float'
Menu.cpp(2031): warning C4305: 'argument': truncation from 'double' to 'float'
Menu.cpp(2032): warning C4305: 'argument': truncation from 'double' to 'float'
Menu.cpp(2033): warning C4305: 'argument': truncation from 'double' to 'float'
Menu.cpp(2034): warning C4305: 'argument': truncation from 'double' to 'float'
Menu.cpp(2035): warning C4305: 'argument': truncation from 'double' to 'float'
Menu.cpp(2036): warning C4305: 'argument': truncation from 'double' to 'float'
Menu.cpp(2037): warning C4305: 'argument': truncation from 'double' to 'float'
Menu.cpp(2038): warning C4305: 'argument': truncation from 'double' to 'float'
Menu.cpp(2039): warning C4305: 'argument': truncation from 'double' to 'float'
Menu.cpp(2040): warning C4305: 'argument': truncation from 'double' to 'float'
Menu.cpp(2041): warning C4305: 'argument': truncation from 'double' to 'float'
Menu.cpp(2042): warning C4305: 'argument': truncation from 'double' to 'float'
Menu.cpp(2043): warning C4305: 'argument': truncation from 'double' to 'float'
Menu.cpp(2044): warning C4305: 'argument': truncation from 'double' to 'float'
Menu.cpp(2045): warning C4305: 'argument': truncation from 'double' to 'float'
Menu.cpp(2046): warning C4305: 'argument': truncation from 'double' to 'float'
Menu.cpp(2047): warning C4305: 'argument': truncation from 'double' to 'float'
Menu.cpp(2048): warning C4305: 'argument': truncation from 'double' to 'float'
Menu.cpp(2049): warning C4305: 'argument': truncation from 'double' to 'float'
Menu.cpp(2050): warning C4305: 'argument': truncation from 'double' to 'float'
Menu.cpp(2051): warning C4305: 'argument': truncation from 'double' to 'float'
Menu.cpp(2052): warning C4305: 'argument': truncation from 'double' to 'float'
Menu.cpp(2053): warning C4305: 'argument': truncation from 'double' to 'float'
Menu.cpp(2054): warning C4305: 'argument': truncation from 'double' to 'float'
Menu.cpp(2055): warning C4305: 'argument': truncation from 'double' to 'float'
Menu.cpp(2056): warning C4305: 'argument': truncation from 'double' to 'float'
Menu.cpp(2057): warning C4305: 'argument': truncation from 'double' to 'float'
Menu.cpp(2058): warning C4305: 'argument': truncation from 'double' to 'float'
Menu.cpp(2059): warning C4305: 'argument': truncation from 'double' to 'float'
Menu.cpp(2060): warning C4305: 'argument': truncation from 'double' to 'float'
Menu.cpp(2061): warning C4305: 'argument': truncation from 'double' to 'float'
Menu.cpp(2062): warning C4305: 'argument': truncation from 'double' to 'float'
Menu.cpp(2063): warning C4305: 'argument': truncation from 'double' to 'float'
Menu.cpp(2064): warning C4305: 'argument': truncation from 'double' to 'float'
Menu.cpp(2065): warning C4305: 'argument': truncation from 'double' to 'float'
Menu.cpp(2066): warning C4305: 'argument': truncation from 'double' to 'float'
Menu.cpp(2067): warning C4305: 'argument': truncation from 'double' to 'float'
Menu.cpp(2068): warning C4305: 'argument': truncation from 'double' to 'float'
Menu.cpp(2069): warning C4305: 'argument': truncation from 'double' to 'float'
Menu.cpp(2070): warning C4305: 'argument': truncation from 'double' to 'float'
Menu.cpp(2071): warning C4305: 'argument': truncation from 'double' to 'float'
Menu.cpp(2072): warning C4305: 'argument': truncation from 'double' to 'float'
Menu.cpp(2073): warning C4305: 'argument': truncation from 'double' to 'float'
Menu.cpp(2074): warning C4305: 'argument': truncation from 'double' to 'float'
Menu.cpp(2075): warning C4305: 'argument': truncation from 'double' to 'float'
Menu.cpp(2076): warning C4305: 'argument': truncation from 'double' to 'float'
Menu.cpp(2077): warning C4305: 'argument': truncation from 'double' to 'float'
Menu.cpp(2078): warning C4305: 'argument': truncation from 'double' to 'float'
Menu.cpp(2079): warning C4305: 'argument': truncation from 'double' to 'float'
Menu.cpp(2080): warning C4305: 'argument': truncation from 'double' to 'float'
Menu.cpp(2081): warning C4305: 'argument': truncation from 'double' to 'float'
Menu.cpp(2082): warning C4305: 'argument': truncation from 'double' to 'float'
Menu.cpp(2083): warning C4305: 'argument': truncation from 'double' to 'float'
Menu.cpp(2084): warning C4305: 'argument': truncation from 'double' to 'float'
Menu.cpp(2085): warning C4305: 'argument': truncation from 'double' to 'float'
Menu.cpp(2086): warning C4305: 'argument': truncation from 'double' to 'float'
Menu.cpp(2087): warning C4305: 'argument': truncation from 'double' to 'float'
Menu.cpp(2088): warning C4305: 'argument': truncation from 'double' to 'float'
Menu.cpp(2089): warning C4305: 'argument': truncation from 'double' to 'float'
Menu.cpp(2090): warning C4305: 'argument': truncation from 'double' to 'float'
Menu.cpp(2091): warning C4305: 'argument': truncation from 'double' to 'float'
Menu.cpp(2092): warning C4305: 'argument': truncation from 'double' to 'float'
Menu.cpp(2093): warning C4305: 'argument': truncation from 'double' to 'float'
Menu.cpp(2094): warning C4305: 'argument': truncation from 'double' to 'float'
Menu.cpp(2095): warning C4305: 'argument': truncation from 'double' to 'float'
Menu.cpp(2096): warning C4305: 'argument': truncation from 'double' to 'float'
Menu.cpp(2097): warning C4305: 'argument': truncation from 'double' to 'float'
Menu.cpp(2098): warning C4305: 'argument': truncation from 'double' to 'float'
Menu.cpp(2099): warning C4305: 'argument': truncation from 'double' to 'float'
Menu.cpp(2100): warning C4305: 'argument': truncation from 'double' to 'float'
Menu.cpp(2101): warning C4305: 'argument': truncation from 'double' to 'float'
Menu.cpp(2102): warning C4305: 'argument': truncation from 'double' to 'float'
Menu.cpp(2103): warning C4305: 'argument': truncation from 'double' to 'float'
Menu.cpp(2104): warning C4305: 'argument': truncation from 'double' to 'float'
Menu.cpp(2105): warning C4305: 'argument': truncation from 'double' to 'float'
Menu.cpp(2106): warning C4305: 'argument': truncation from 'double' to 'float'
Menu.cpp(2107): warning C4305: 'argument': truncation from 'double' to 'float'
Menu.cpp(2108): warning C4305: 'argument': truncation from 'double' to 'float'
Menu.cpp(2109): warning C4305: 'argument': truncation from 'double' to 'float'
Menu.cpp(2110): warning C4305: 'argument': truncation from 'double' to 'float'
Menu.cpp(2111): warning C4305: 'argument': truncation from 'double' to 'float'
Menu.cpp(2112): warning C4305: 'argument': truncation from 'double' to 'float'
Menu.cpp(2113): warning C4305: 'argument': truncation from 'double' to 'float'
Menu.cpp(2114): warning C4305: 'argument': truncation from 'double' to 'float'
Menu.cpp(2115): warning C4305: 'argument': truncation from 'double' to 'float'
Menu.cpp(2116): warning C4305: 'argument': truncation from 'double' to 'float'
Menu.cpp(2117): warning C4305: 'argument': truncation from 'double' to 'float'
Menu.cpp(2118): warning C4305: 'argument': truncation from 'double' to 'float'
Menu.cpp(2119): warning C4305: 'argument': truncation from 'double' to 'float'
Menu.cpp(2120): warning C4305: 'argument': truncation from 'double' to 'float'
Menu.cpp(2121): warning C4305: 'argument': truncation from 'double' to 'float'
Menu.cpp(2122): warning C4305: 'argument': truncation from 'double' to 'float'
Menu.cpp(2123): warning C4305: 'argument': truncation from 'double' to 'float'
Menu.cpp(2124): warning C4305: 'argument': truncation from 'double' to 'float'
Menu.cpp(2125): warning C4305: 'argument': truncation from 'double' to 'float'
Menu.cpp(2126): warning C4305: 'argument': truncation from 'double' to 'float'
Menu.cpp(2127): warning C4305: 'argument': truncation from 'double' to 'float'
Menu.cpp(2128): warning C4305: 'argument': truncation from 'double' to 'float'
Menu.cpp(2129): warning C4305: 'argument': truncation from 'double' to 'float'
Menu.cpp(2130): warning C4305: 'argument': truncation from 'double' to 'float'
Menu.cpp(2131): warning C4305: 'argument': truncation from 'double' to 'float'
Menu.cpp(2132): warning C4305: 'argument': truncation from 'double' to 'float'
Menu.cpp(2133): warning C4305: 'argument': truncation from 'double' to 'float'
Menu.cpp(2134): warning C4305: 'argument': truncation from 'double' to 'float'
Menu.cpp(2135): warning C4305: 'argument': truncation from 'double' to 'float'
Menu.cpp(2136): warning C4305: 'argument': truncation from 'double' to 'float'
Menu.cpp(2137): warning C4305: 'argument': truncation from 'double' to 'float'
Menu.cpp(2138): warning C4305: 'argument': truncation from 'double' to 'float'
Menu.cpp(2139): warning C4305: 'argument': truncation from 'double' to 'float'
Menu.cpp(2140): warning C4305: 'argument': truncation from 'double' to 'float'
Menu.cpp(2141): warning C4305: 'argument': truncation from 'double' to 'float'
Menu.cpp(2142): warning C4305: 'argument': truncation from 'double' to 'float'
Menu.cpp(2143): warning C4305: 'argument': truncation from 'double' to 'float'
Menu.cpp(2144): warning C4305: 'argument': truncation from 'double' to 'float'
Menu.cpp(2145): warning C4305: 'argument': truncation from 'double' to 'float'
Menu.cpp(2146): warning C4305: 'argument': truncation from 'double' to 'float'
Menu.cpp(2147): warning C4305: 'argument': truncation from 'double' to 'float'
Menu.cpp(2148): warning C4305: 'argument': truncation from 'double' to 'float'
Menu.cpp(2149): warning C4305: 'argument': truncation from 'double' to 'float'
Menu.cpp(2150): warning C4305: 'argument': truncation from 'double' to 'float'
Menu.cpp(2151): warning C4305: 'argument': truncation from 'double' to 'float'
Menu.cpp(2152): warning C4305: 'argument': truncation from 'double' to 'float'
Menu.cpp(2153): warning C4305: 'argument': truncation from 'double' to 'float'
Menu.cpp(2154): warning C4305: 'argument': truncation from 'double' to 'float'
Menu.cpp(2155): warning C4305: 'argument': truncation from 'double' to 'float'
Menu.cpp(2156): warning C4305: 'argument': truncation from 'double' to 'float'
Menu.cpp(2157): warning C4305: 'argument': truncation from 'double' to 'float'
Menu.cpp(2158): warning C4305: 'argument': truncation from 'double' to 'float'
Menu.cpp(2159): warning C4305: 'argument': truncation from 'double' to 'float'
Menu.cpp(2160): warning C4305: 'argument': truncation from 'double' to 'float'
Menu.cpp(2161): warning C4305: 'argument': truncation from 'double' to 'float'
Menu.cpp(2162): warning C4305: 'argument': truncation from 'double' to 'float'
Menu.cpp(2163): warning C4305: 'argument': truncation from 'double' to 'float'
Menu.cpp(2164): warning C4305: 'argument': truncation from 'double' to 'float'
Menu.cpp(2165): warning C4305: 'argument': truncation from 'double' to 'float'
Menu.cpp(2166): warning C4305: 'argument': truncation from 'double' to 'float'
Menu.cpp(2167): warning C4305: 'argument': truncation from 'double' to 'float'
Menu.cpp(2168): warning C4305: 'argument': truncation from 'double' to 'float'
Menu.cpp(2169): warning C4305: 'argument': truncation from 'double' to 'float'
Menu.cpp(2170): warning C4305: 'argument': truncation from 'double' to 'float'
Menu.cpp(2171): warning C4305: 'argument': truncation from 'double' to 'float'
Menu.cpp(2172): warning C4305: 'argument': truncation from 'double' to 'float'
Menu.cpp(2173): warning C4305: 'argument': truncation from 'double' to 'float'
Menu.cpp(2174): warning C4305: 'argument': truncation from 'double' to 'float'
Menu.cpp(2175): warning C4305: 'argument': truncation from 'double' to 'float'
Menu.cpp(2176): warning C4305: 'argument': truncation from 'double' to 'float'
Menu.cpp(2177): warning C4305: 'argument': truncation from 'double' to 'float'
Menu.cpp(2178): warning C4305: 'argument': truncation from 'double' to 'float'
Menu.cpp(2179): warning C4305: 'argument': truncation from 'double' to 'float'
Menu.cpp(2180): warning C4305: 'argument': truncation from 'double' to 'float'
Menu.cpp(2181): warning C4305: 'argument': truncation from 'double' to 'float'
Menu.cpp(2182): warning C4305: 'argument': truncation from 'double' to 'float'
Menu.cpp(2183): warning C4305: 'argument': truncation from 'double' to 'float'
Menu.cpp(2184): warning C4305: 'argument': truncation from 'double' to 'float'
Menu.cpp(2185): warning C4305: 'argument': truncation from 'double' to 'float'
Menu.cpp(2186): warning C4305: 'argument': truncation from 'double' to 'float'
Menu.cpp(2187): warning C4305: 'argument': truncation from 'double' to 'float'
Menu.cpp(2188): warning C4305: 'argument': truncation from 'double' to 'float'
Menu.cpp(2189): warning C4305: 'argument': truncation from 'double' to 'float'
Menu.cpp(2190): warning C4305: 'argument': truncation from 'double' to 'float'
Menu.cpp(2191): warning C4305: 'argument': truncation from 'double' to 'float'
Menu.cpp(2192): warning C4305: 'argument': truncation from 'double' to 'float'
Menu.cpp(2193): warning C4305: 'argument': truncation from 'double' to 'float'
Menu.cpp(2194): warning C4305: 'argument': truncation from 'double' to 'float'
Menu.cpp(2195): warning C4305: 'argument': truncation from 'double' to 'float'
Menu.cpp(2196): warning C4305: 'argument': truncation from 'double' to 'float'
Menu.cpp(2197): warning C4305: 'argument': truncation from 'double' to 'float'
Menu.cpp(2198): warning C4305: 'argument': truncation from 'double' to 'float'
Menu.cpp(2199): warning C4305: 'argument': truncation from 'double' to 'float'
Menu.cpp(2200): warning C4305: 'argument': truncation from 'double' to 'float'
Menu.cpp(2201): warning C4305: 'argument': truncation from 'double' to 'float'
Menu.cpp(2202): warning C4305: 'argument': truncation from 'double' to 'float'
Menu.cpp(2203): warning C4305: 'argument': truncation from 'double' to 'float'
Menu.cpp(2204): warning C4305: 'argument': truncation from 'double' to 'float'
Menu.cpp(2205): warning C4305: 'argument': truncation from 'double' to 'float'
Menu.cpp(2206): warning C4305: 'argument': truncation from 'double' to 'float'
Menu.cpp(2207): warning C4305: 'argument': truncation from 'double' to 'float'
Menu.cpp(2208): warning C4305: 'argument': truncation from 'double' to 'float'
Menu.cpp(2209): warning C4305: 'argument': truncation from 'double' to 'float'
Menu.cpp(2210): warning C4305: 'argument': truncation from 'double' to 'float'
Menu.cpp(2211): warning C4305: 'argument': truncation from 'double' to 'float'
Menu.cpp(2212): warning C4305: 'argument': truncation from 'double' to 'float'
Menu.cpp(2213): warning C4305: 'argument': truncation from 'double' to 'float'
Menu.cpp(2214): warning C4305: 'argument': truncation from 'double' to 'float'
Menu.cpp(2215): warning C4305: 'argument': truncation from 'double' to 'float'
Menu.cpp(2216): warning C4305: 'argument': truncation from 'double' to 'float'
Menu.cpp(2217): warning C4305: 'argument': truncation from 'double' to 'float'
Menu.cpp(2218): warning C4305: 'argument': truncation from 'double' to 'float'
Menu.cpp(2219): warning C4305: 'argument': truncation from 'double' to 'float'
Menu.cpp(2220): warning C4305: 'argument': truncation from 'double' to 'float'
Menu.cpp(2221): warning C4305: 'argument': truncation from 'double' to 'float'
Menu.cpp(2222): warning C4305: 'argument': truncation from 'double' to 'float'
Menu.cpp(2223): warning C4305: 'argument': truncation from 'double' to 'float'
Menu.cpp(2224): warning C4305: 'argument': truncation from 'double' to 'float'
Menu.cpp(2225): warning C4305: 'argument': truncation from 'double' to 'float'
Menu.cpp(2226): warning C4305: 'argument': truncation from 'double' to 'float'
Menu.cpp(2227): warning C4305: 'argument': truncation from 'double' to 'float'
Menu.cpp(2228): warning C4305: 'argument': truncation from 'double' to 'float'
Menu.cpp(2229): warning C4305: 'argument': truncation from 'double' to 'float'
Menu.cpp(2230): warning C4305: 'argument': truncation from 'double' to 'float'
Menu.cpp(2231): warning C4305: 'argument': truncation from 'double' to 'float'
Menu.cpp(2232): warning C4305: 'argument': truncation from 'double' to 'float'
Menu.cpp(2233): warning C4305: 'argument': truncation from 'double' to 'float'
Menu.cpp(2234): warning C4305: 'argument': truncation from 'double' to 'float'
Menu.cpp(2235): warning C4305: 'argument': truncation from 'double' to 'float'
Menu.cpp(2236): warning C4305: 'argument': truncation from 'double' to 'float'
Menu.cpp(2237): warning C4305: 'argument': truncation from 'double' to 'float'
Menu.cpp(2238): warning C4305: 'argument': truncation from 'double' to 'float'
Menu.cpp(2239): warning C4305: 'argument': truncation from 'double' to 'float'
Menu.cpp(2240): warning C4305: 'argument': truncation from 'double' to 'float'
Menu.cpp(2241): warning C4305: 'argument': truncation from 'double' to 'float'
Menu.cpp(2242): warning C4305: 'argument': truncation from 'double' to 'float'
Menu.cpp(2243): warning C4305: 'argument': truncation from 'double' to 'float'
Menu.cpp(2255): warning C4305: 'argument': truncation from 'double' to 'float'
Menu.cpp(2256): warning C4305: 'argument': truncation from 'double' to 'float'
Menu.cpp(2257): warning C4305: 'argument': truncation from 'double' to 'float'
Menu.cpp(2258): warning C4305: 'argument': truncation from 'double' to 'float'
Menu.cpp(2259): warning C4305: 'argument': truncation from 'double' to 'float'
Menu.cpp(2260): warning C4305: 'argument': truncation from 'double' to 'float'
Menu.cpp(2261): warning C4305: 'argument': truncation from 'double' to 'float'
Menu.cpp(2262): warning C4305: 'argument': truncation from 'double' to 'float'
Menu.cpp(2263): warning C4305: 'argument': truncation from 'double' to 'float'
Menu.cpp(2264): warning C4305: 'argument': truncation from 'double' to 'float'
Menu.cpp(2265): warning C4305: 'argument': truncation from 'double' to 'float'
Menu.cpp(2266): warning C4305: 'argument': truncation from 'double' to 'float'
Menu.cpp(2267): warning C4305: 'argument': truncation from 'double' to 'float'
Menu.cpp(2268): warning C4305: 'argument': truncation from 'double' to 'float'
Menu.cpp(2269): warning C4305: 'argument': truncation from 'double' to 'float'
Menu.cpp(2270): warning C4305: 'argument': truncation from 'double' to 'float'
Menu.cpp(2271): warning C4305: 'argument': truncation from 'double' to 'float'
Menu.cpp(2272): warning C4305: 'argument': truncation from 'double' to 'float'
Menu.cpp(2273): warning C4305: 'argument': truncation from 'double' to 'float'
Menu.cpp(2274): warning C4305: 'argument': truncation from 'double' to 'float'
Menu.cpp(2275): warning C4305: 'argument': truncation from 'double' to 'float'
Menu.cpp(2276): warning C4305: 'argument': truncation from 'double' to 'float'
Menu.cpp(2277): warning C4305: 'argument': truncation from 'double' to 'float'
Menu.cpp(2278): warning C4305: 'argument': truncation from 'double' to 'float'
Menu.cpp(2279): warning C4305: 'argument': truncation from 'double' to 'float'
Menu.cpp(2280): warning C4305: 'argument': truncation from 'double' to 'float'
Menu.cpp(2281): warning C4305: 'argument': truncation from 'double' to 'float'
Menu.cpp(2282): warning C4305: 'argument': truncation from 'double' to 'float'
Menu.cpp(2283): warning C4305: 'argument': truncation from 'double' to 'float'
Menu.cpp(2284): warning C4305: 'argument': truncation from 'double' to 'float'
Menu.cpp(2285): warning C4305: 'argument': truncation from 'double' to 'float'
Menu.cpp(2286): warning C4305: 'argument': truncation from 'double' to 'float'
Menu.cpp(2287): warning C4305: 'argument': truncation from 'double' to 'float'
Menu.cpp(2288): warning C4305: 'argument': truncation from 'double' to 'float'
Menu.cpp(2289): warning C4305: 'argument': truncation from 'double' to 'float'
Menu.cpp(2290): warning C4305: 'argument': truncation from 'double' to 'float'
Menu.cpp(2291): warning C4305: 'argument': truncation from 'double' to 'float'
Menu.cpp(2292): warning C4305: 'argument': truncation from 'double' to 'float'
Menu.cpp(2293): warning C4305: 'argument': truncation from 'double' to 'float'
Menu.cpp(2294): warning C4305: 'argument': truncation from 'double' to 'float'
Menu.cpp(2295): warning C4305: 'argument': truncation from 'double' to 'float'
Menu.cpp(2296): warning C4305: 'argument': truncation from 'double' to 'float'
Menu.cpp(2297): warning C4305: 'argument': truncation from 'double' to 'float'
Menu.cpp(2298): warning C4305: 'argument': truncation from 'double' to 'float'
Menu.cpp(2299): warning C4305: 'argument': truncation from 'double' to 'float'
Menu.cpp(2300): warning C4305: 'argument': truncation from 'double' to 'float'
Menu.cpp(2301): warning C4305: 'argument': truncation from 'double' to 'float'
Menu.cpp(2302): warning C4305: 'argument': truncation from 'double' to 'float'
Menu.cpp(2303): warning C4305: 'argument': truncation from 'double' to 'float'
Menu.cpp(2304): warning C4305: 'argument': truncation from 'double' to 'float'
Menu.cpp(2305): warning C4305: 'argument': truncation from 'double' to 'float'
Menu.cpp(2306): warning C4305: 'argument': truncation from 'double' to 'float'
Menu.cpp(2307): warning C4305: 'argument': truncation from 'double' to 'float'
Menu.cpp(2308): warning C4305: 'argument': truncation from 'double' to 'float'
Menu.cpp(2309): warning C4305: 'argument': truncation from 'double' to 'float'
Menu.cpp(2310): warning C4305: 'argument': truncation from 'double' to 'float'
Menu.cpp(2311): warning C4305: 'argument': truncation from 'double' to 'float'
Menu.cpp(2312): warning C4305: 'argument': truncation from 'double' to 'float'
Menu.cpp(2313): warning C4305: 'argument': truncation from 'double' to 'float'
Menu.cpp(2314): warning C4305: 'argument': truncation from 'double' to 'float'
Menu.cpp(2315): warning C4305: 'argument': truncation from 'double' to 'float'
Menu.cpp(2316): warning C4305: 'argument': truncation from 'double' to 'float'
Menu.cpp(2317): warning C4305: 'argument': truncation from 'double' to 'float'
Menu.cpp(2318): warning C4305: 'argument': truncation from 'double' to 'float'
Menu.cpp(2319): warning C4305: 'argument': truncation from 'double' to 'float'
Menu.cpp(2320): warning C4305: 'argument': truncation from 'double' to 'float'
Menu.cpp(2321): warning C4305: 'argument': truncation from 'double' to 'float'
Menu.cpp(2322): warning C4305: 'argument': truncation from 'double' to 'float'
Menu.cpp(2323): warning C4305: 'argument': truncation from 'double' to 'float'
Menu.cpp(2324): warning C4305: 'argument': truncation from 'double' to 'float'
Menu.cpp(2325): warning C4305: 'argument': truncation from 'double' to 'float'
Menu.cpp(2326): warning C4305: 'argument': truncation from 'double' to 'float'
Menu.cpp(2327): warning C4305: 'argument': truncation from 'double' to 'float'
Menu.cpp(2339): warning C4305: 'argument': truncation from 'double' to 'float'
Menu.cpp(2340): warning C4305: 'argument': truncation from 'double' to 'float'
Menu.cpp(2341): warning C4305: 'argument': truncation from 'double' to 'float'
Menu.cpp(2342): warning C4305: 'argument': truncation from 'double' to 'float'
Menu.cpp(2343): warning C4305: 'argument': truncation from 'double' to 'float'
Menu.cpp(2344): warning C4305: 'argument': truncation from 'double' to 'float'
Menu.cpp(2345): warning C4305: 'argument': truncation from 'double' to 'float'
Menu.cpp(2346): warning C4305: 'argument': truncation from 'double' to 'float'
Menu.cpp(2347): warning C4305: 'argument': truncation from 'double' to 'float'
Menu.cpp(2348): warning C4305: 'argument': truncation from 'double' to 'float'
Menu.cpp(2349): warning C4305: 'argument': truncation from 'double' to 'float'
Menu.cpp(2350): warning C4305: 'argument': truncation from 'double' to 'float'
Menu.cpp(2351): warning C4305: 'argument': truncation from 'double' to 'float'
Menu.cpp(2352): warning C4305: 'argument': truncation from 'double' to 'float'
Menu.cpp(2353): warning C4305: 'argument': truncation from 'double' to 'float'
Menu.cpp(2354): warning C4305: 'argument': truncation from 'double' to 'float'
Menu.cpp(2355): warning C4305: 'argument': truncation from 'double' to 'float'
Menu.cpp(2356): warning C4305: 'argument': truncation from 'double' to 'float'
Menu.cpp(2357): warning C4305: 'argument': truncation from 'double' to 'float'
Menu.cpp(2358): warning C4305: 'argument': truncation from 'double' to 'float'
Menu.cpp(2359): warning C4305: 'argument': truncation from 'double' to 'float'
Menu.cpp(2360): warning C4305: 'argument': truncation from 'double' to 'float'
Menu.cpp(2361): warning C4305: 'argument': truncation from 'double' to 'float'
Menu.cpp(2362): warning C4305: 'argument': truncation from 'double' to 'float'
Menu.cpp(2374): warning C4305: 'argument': truncation from 'double' to 'float'
Menu.cpp(2375): warning C4305: 'argument': truncation from 'double' to 'float'
Menu.cpp(2376): warning C4305: 'argument': truncation from 'double' to 'float'
Menu.cpp(2377): warning C4305: 'argument': truncation from 'double' to 'float'
Menu.cpp(2378): warning C4305: 'argument': truncation from 'double' to 'float'
Menu.cpp(2379): warning C4305: 'argument': truncation from 'double' to 'float'
Menu.cpp(2380): warning C4305: 'argument': truncation from 'double' to 'float'
Menu.cpp(2381): warning C4305: 'argument': truncation from 'double' to 'float'
Menu.cpp(2382): warning C4305: 'argument': truncation from 'double' to 'float'
Menu.cpp(2383): warning C4305: 'argument': truncation from 'double' to 'float'
Menu.cpp(2384): warning C4305: 'argument': truncation from 'double' to 'float'
Menu.cpp(2385): warning C4305: 'argument': truncation from 'double' to 'float'
Menu.cpp(2386): warning C4305: 'argument': truncation from 'double' to 'float'
Menu.cpp(2387): warning C4305: 'argument': truncation from 'double' to 'float'
Menu.cpp(2388): warning C4305: 'argument': truncation from 'double' to 'float'
Menu.cpp(2389): warning C4305: 'argument': truncation from 'double' to 'float'
Menu.cpp(2390): warning C4305: 'argument': truncation from 'double' to 'float'
Menu.cpp(2391): warning C4305: 'argument': truncation from 'double' to 'float'
Menu.cpp(2392): warning C4305: 'argument': truncation from 'double' to 'float'
Menu.cpp(2393): warning C4305: 'argument': truncation from 'double' to 'float'
Menu.cpp(2394): warning C4305: 'argument': truncation from 'double' to 'float'
Menu.cpp(2395): warning C4305: 'argument': truncation from 'double' to 'float'
Menu.cpp(2396): warning C4305: 'argument': truncation from 'double' to 'float'
Menu.cpp(2397): warning C4305: 'argument': truncation from 'double' to 'float'
Menu.cpp(2398): warning C4305: 'argument': truncation from 'double' to 'float'
Menu.cpp(2399): warning C4305: 'argument': truncation from 'double' to 'float'
Menu.cpp(2400): warning C4305: 'argument': truncation from 'double' to 'float'
Menu.cpp(2401): warning C4305: 'argument': truncation from 'double' to 'float'
Menu.cpp(2402): warning C4305: 'argument': truncation from 'double' to 'float'
Menu.cpp(2403): warning C4305: 'argument': truncation from 'double' to 'float'
Menu.cpp(2404): warning C4305: 'argument': truncation from 'double' to 'float'
Menu.cpp(2405): warning C4305: 'argument': truncation from 'double' to 'float'
Menu.cpp(2406): warning C4305: 'argument': truncation from 'double' to 'float'
Menu.cpp(2407): warning C4305: 'argument': truncation from 'double' to 'float'
Menu.cpp(2408): warning C4305: 'argument': truncation from 'double' to 'float'
Menu.cpp(2409): warning C4305: 'argument': truncation from 'double' to 'float'
Menu.cpp(2410): warning C4305: 'argument': truncation from 'double' to 'float'
Menu.cpp(2411): warning C4305: 'argument': truncation from 'double' to 'float'
Menu.cpp(2412): warning C4305: 'argument': truncation from 'double' to 'float'
Menu.cpp(2413): warning C4305: 'argument': truncation from 'double' to 'float'
Menu.cpp(2414): warning C4305: 'argument': truncation from 'double' to 'float'
Menu.cpp(2415): warning C4305: 'argument': truncation from 'double' to 'float'
Menu.cpp(2416): warning C4305: 'argument': truncation from 'double' to 'float'
Menu.cpp(2417): warning C4305: 'argument': truncation from 'double' to 'float'
Menu.cpp(2418): warning C4305: 'argument': truncation from 'double' to 'float'
Menu.cpp(2419): warning C4305: 'argument': truncation from 'double' to 'float'
Menu.cpp(2420): warning C4305: 'argument': truncation from 'double' to 'float'
Menu.cpp(2421): warning C4305: 'argument': truncation from 'double' to 'float'
Menu.cpp(2422): warning C4305: 'argument': truncation from 'double' to 'float'
Menu.cpp(2423): warning C4305: 'argument': truncation from 'double' to 'float'
Menu.cpp(2424): warning C4305: 'argument': truncation from 'double' to 'float'
Menu.cpp(2425): warning C4305: 'argument': truncation from 'double' to 'float'
Menu.cpp(2426): warning C4305: 'argument': truncation from 'double' to 'float'
Menu.cpp(2427): warning C4305: 'argument': truncation from 'double' to 'float'
Menu.cpp(2428): warning C4305: 'argument': truncation from 'double' to 'float'
Menu.cpp(2429): warning C4305: 'argument': truncation from 'double' to 'float'
Menu.cpp(2430): warning C4305: 'argument': truncation from 'double' to 'float'
Menu.cpp(2431): warning C4305: 'argument': truncation from 'double' to 'float'
Menu.cpp(2432): warning C4305: 'argument': truncation from 'double' to 'float'
Menu.cpp(2433): warning C4305: 'argument': truncation from 'double' to 'float'
Menu.cpp(2434): warning C4305: 'argument': truncation from 'double' to 'float'
Menu.cpp(2435): warning C4305: 'argument': truncation from 'double' to 'float'
Menu.cpp(2448): warning C4305: 'argument': truncation from 'double' to 'float'
Menu.cpp(2449): warning C4305: 'argument': truncation from 'double' to 'float'
Menu.cpp(2450): warning C4305: 'argument': truncation from 'double' to 'float'
Menu.cpp(2451): warning C4305: 'argument': truncation from 'double' to 'float'
Menu.cpp(2452): warning C4305: 'argument': truncation from 'double' to 'float'
Menu.cpp(2453): warning C4305: 'argument': truncation from 'double' to 'float'
Menu.cpp(2454): warning C4305: 'argument': truncation from 'double' to 'float'
Menu.cpp(2455): warning C4305: 'argument': truncation from 'double' to 'float'
Menu.cpp(2456): warning C4305: 'argument': truncation from 'double' to 'float'
Menu.cpp(2457): warning C4305: 'argument': truncation from 'double' to 'float'
Menu.cpp(2458): warning C4305: 'argument': truncation from 'double' to 'float'
Menu.cpp(2459): warning C4305: 'argument': truncation from 'double' to 'float'
Menu.cpp(2460): warning C4305: 'argument': truncation from 'double' to 'float'
Menu.cpp(2461): warning C4305: 'argument': truncation from 'double' to 'float'
Menu.cpp(2462): warning C4305: 'argument': truncation from 'double' to 'float'
Menu.cpp(2463): warning C4305: 'argument': truncation from 'double' to 'float'
Menu.cpp(2464): warning C4305: 'argument': truncation from 'double' to 'float'
Menu.cpp(2465): warning C4305: 'argument': truncation from 'double' to 'float'
Menu.cpp(2466): warning C4305: 'argument': truncation from 'double' to 'float'
Menu.cpp(2467): warning C4305: 'argument': truncation from 'double' to 'float'
Menu.cpp(2468): warning C4305: 'argument': truncation from 'double' to 'float'
Menu.cpp(2469): warning C4305: 'argument': truncation from 'double' to 'float'
Menu.cpp(2470): warning C4305: 'argument': truncation from 'double' to 'float'
Menu.cpp(2471): warning C4305: 'argument': truncation from 'double' to 'float'
Menu.cpp(2472): warning C4305: 'argument': truncation from 'double' to 'float'
Menu.cpp(2473): warning C4305: 'argument': truncation from 'double' to 'float'
Menu.cpp(2474): warning C4305: 'argument': truncation from 'double' to 'float'
Menu.cpp(2475): warning C4305: 'argument': truncation from 'double' to 'float'
Menu.cpp(2476): warning C4305: 'argument': truncation from 'double' to 'float'
Menu.cpp(2477): warning C4305: 'argument': truncation from 'double' to 'float'
Menu.cpp(2478): warning C4305: 'argument': truncation from 'double' to 'float'
Menu.cpp(2479): warning C4305: 'argument': truncation from 'double' to 'float'
Menu.cpp(2480): warning C4305: 'argument': truncation from 'double' to 'float'
Menu.cpp(2493): warning C4305: 'argument': truncation from 'double' to 'float'
Menu.cpp(2494): warning C4305: 'argument': truncation from 'double' to 'float'
Menu.cpp(2495): warning C4305: 'argument': truncation from 'double' to 'float'
Menu.cpp(2496): warning C4305: 'argument': truncation from 'double' to 'float'
Menu.cpp(2497): warning C4305: 'argument': truncation from 'double' to 'float'
Menu.cpp(2498): warning C4305: 'argument': truncation from 'double' to 'float'
Menu.cpp(2499): warning C4305: 'argument': truncation from 'double' to 'float'
Menu.cpp(2512): warning C4305: 'argument': truncation from 'double' to 'float'
Menu.cpp(2513): warning C4305: 'argument': truncation from 'double' to 'float'
Menu.cpp(2514): warning C4305: 'argument': truncation from 'double' to 'float'
Menu.cpp(2515): warning C4305: 'argument': truncation from 'double' to 'float'
Menu.cpp(2516): warning C4305: 'argument': truncation from 'double' to 'float'
Menu.cpp(2517): warning C4305: 'argument': truncation from 'double' to 'float'
Menu.cpp(2518): warning C4305: 'argument': truncation from 'double' to 'float'
Menu.cpp(2519): warning C4305: 'argument': truncation from 'double' to 'float'
Menu.cpp(2520): warning C4305: 'argument': truncation from 'double' to 'float'
Menu.cpp(2521): warning C4305: 'argument': truncation from 'double' to 'float'
Menu.cpp(2522): warning C4305: 'argument': truncation from 'double' to 'float'
Menu.cpp(2523): warning C4305: 'argument': truncation from 'double' to 'float'
Menu.cpp(2524): warning C4305: 'argument': truncation from 'double' to 'float'
Menu.cpp(2525): warning C4305: 'argument': truncation from 'double' to 'float'
Menu.cpp(2526): warning C4305: 'argument': truncation from 'double' to 'float'
Menu.cpp(2527): warning C4305: 'argument': truncation from 'double' to 'float'
Menu.cpp(2528): warning C4305: 'argument': truncation from 'double' to 'float'
Menu.cpp(2529): warning C4305: 'argument': truncation from 'double' to 'float'
Menu.cpp(2530): warning C4305: 'argument': truncation from 'double' to 'float'
Menu.cpp(2531): warning C4305: 'argument': truncation from 'double' to 'float'
Menu.cpp(2532): warning C4305: 'argument': truncation from 'double' to 'float'
Menu.cpp(2533): warning C4305: 'argument': truncation from 'double' to 'float'
Menu.cpp(2534): warning C4305: 'argument': truncation from 'double' to 'float'
Menu.cpp(2535): warning C4305: 'argument': truncation from 'double' to 'float'
Menu.cpp(2536): warning C4305: 'argument': truncation from 'double' to 'float'
Menu.cpp(2537): warning C4305: 'argument': truncation from 'double' to 'float'
Menu.cpp(2538): warning C4305: 'argument': truncation from 'double' to 'float'
Menu.cpp(2539): warning C4305: 'argument': truncation from 'double' to 'float'
Menu.cpp(2540): warning C4305: 'argument': truncation from 'double' to 'float'
Menu.cpp(2541): warning C4305: 'argument': truncation from 'double' to 'float'
Menu.cpp(2542): warning C4305: 'argument': truncation from 'double' to 'float'
Menu.cpp(2543): warning C4305: 'argument': truncation from 'double' to 'float'
Menu.cpp(2544): warning C4305: 'argument': truncation from 'double' to 'float'
Menu.cpp(2545): warning C4305: 'argument': truncation from 'double' to 'float'
Menu.cpp(2546): warning C4305: 'argument': truncation from 'double' to 'float'
Menu.cpp(2547): warning C4305: 'argument': truncation from 'double' to 'float'
Menu.cpp(2548): warning C4305: 'argument': truncation from 'double' to 'float'
Menu.cpp(2549): warning C4305: 'argument': truncation from 'double' to 'float'
Menu.cpp(2550): warning C4305: 'argument': truncation from 'double' to 'float'
Menu.cpp(2551): warning C4305: 'argument': truncation from 'double' to 'float'
Menu.cpp(2552): warning C4305: 'argument': truncation from 'double' to 'float'
Menu.cpp(2553): warning C4305: 'argument': truncation from 'double' to 'float'
Menu.cpp(2554): warning C4305: 'argument': truncation from 'double' to 'float'
Menu.cpp(2555): warning C4305: 'argument': truncation from 'double' to 'float'
Menu.cpp(2556): warning C4305: 'argument': truncation from 'double' to 'float'
Menu.cpp(2557): warning C4305: 'argument': truncation from 'double' to 'float'
Menu.cpp(2558): warning C4305: 'argument': truncation from 'double' to 'float'
Menu.cpp(2559): warning C4305: 'argument': truncation from 'double' to 'float'
Menu.cpp(2560): warning C4305: 'argument': truncation from 'double' to 'float'
Menu.cpp(2561): warning C4305: 'argument': truncation from 'double' to 'float'
Menu.cpp(2562): warning C4305: 'argument': truncation from 'double' to 'float'
Menu.cpp(2563): warning C4305: 'argument': truncation from 'double' to 'float'
Menu.cpp(2564): warning C4305: 'argument': truncation from 'double' to 'float'
Menu.cpp(2565): warning C4305: 'argument': truncation from 'double' to 'float'
Menu.cpp(2566): warning C4305: 'argument': truncation from 'double' to 'float'
Menu.cpp(2567): warning C4305: 'argument': truncation from 'double' to 'float'
Menu.cpp(2568): warning C4305: 'argument': truncation from 'double' to 'float'
Menu.cpp(2569): warning C4305: 'argument': truncation from 'double' to 'float'
Menu.cpp(2570): warning C4305: 'argument': truncation from 'double' to 'float'
Menu.cpp(2571): warning C4305: 'argument': truncation from 'double' to 'float'
Menu.cpp(2572): warning C4305: 'argument': truncation from 'double' to 'float'
Menu.cpp(2573): warning C4305: 'argument': truncation from 'double' to 'float'
Menu.cpp(2574): warning C4305: 'argument': truncation from 'double' to 'float'
Menu.cpp(2575): warning C4305: 'argument': truncation from 'double' to 'float'
Menu.cpp(2576): warning C4305: 'argument': truncation from 'double' to 'float'
Menu.cpp(2577): warning C4305: 'argument': truncation from 'double' to 'float'
Menu.cpp(2578): warning C4305: 'argument': truncation from 'double' to 'float'
Menu.cpp(2579): warning C4305: 'argument': truncation from 'double' to 'float'
Menu.cpp(2580): warning C4305: 'argument': truncation from 'double' to 'float'
Menu.cpp(2581): warning C4305: 'argument': truncation from 'double' to 'float'
Menu.cpp(2582): warning C4305: 'argument': truncation from 'double' to 'float'
Menu.cpp(2583): warning C4305: 'argument': truncation from 'double' to 'float'
Menu.cpp(2584): warning C4305: 'argument': truncation from 'double' to 'float'
Menu.cpp(2585): warning C4305: 'argument': truncation from 'double' to 'float'
Menu.cpp(2586): warning C4305: 'argument': truncation from 'double' to 'float'
Menu.cpp(2598): warning C4305: 'argument': truncation from 'double' to 'float'
Menu.cpp(2599): warning C4305: 'argument': truncation from 'double' to 'float'
Menu.cpp(2600): warning C4305: 'argument': truncation from 'double' to 'float'
Menu.cpp(2601): warning C4305: 'argument': truncation from 'double' to 'float'
Menu.cpp(2602): warning C4305: 'argument': truncation from 'double' to 'float'
Menu.cpp(2603): warning C4305: 'argument': truncation from 'double' to 'float'
Menu.cpp(2604): warning C4305: 'argument': truncation from 'double' to 'float'
Menu.cpp(2605): warning C4305: 'argument': truncation from 'double' to 'float'
Menu.cpp(2606): warning C4305: 'argument': truncation from 'double' to 'float'
Menu.cpp(2607): warning C4305: 'argument': truncation from 'double' to 'float'
Menu.cpp(2608): warning C4305: 'argument': truncation from 'double' to 'float'
Menu.cpp(2609): warning C4305: 'argument': truncation from 'double' to 'float'
Menu.cpp(2610): warning C4305: 'argument': truncation from 'double' to 'float'
Menu.cpp(2611): warning C4305: 'argument': truncation from 'double' to 'float'
Menu.cpp(2612): warning C4305: 'argument': truncation from 'double' to 'float'
Menu.cpp(2613): warning C4305: 'argument': truncation from 'double' to 'float'
Menu.cpp(2614): warning C4305: 'argument': truncation from 'double' to 'float'
Menu.cpp(2615): warning C4305: 'argument': truncation from 'double' to 'float'
Menu.cpp(2616): warning C4305: 'argument': truncation from 'double' to 'float'
Menu.cpp(2617): warning C4305: 'argument': truncation from 'double' to 'float'
Menu.cpp(2618): warning C4305: 'argument': truncation from 'double' to 'float'
Menu.cpp(2619): warning C4305: 'argument': truncation from 'double' to 'float'
Menu.cpp(2620): warning C4305: 'argument': truncation from 'double' to 'float'
Menu.cpp(2621): warning C4305: 'argument': truncation from 'double' to 'float'
Menu.cpp(2622): warning C4305: 'argument': truncation from 'double' to 'float'
Menu.cpp(2623): warning C4305: 'argument': truncation from 'double' to 'float'
Menu.cpp(2624): warning C4305: 'argument': truncation from 'double' to 'float'
Menu.cpp(2625): warning C4305: 'argument': truncation from 'double' to 'float'
Menu.cpp(2626): warning C4305: 'argument': truncation from 'double' to 'float'
Menu.cpp(2627): warning C4305: 'argument': truncation from 'double' to 'float'
Menu.cpp(2628): warning C4305: 'argument': truncation from 'double' to 'float'
Menu.cpp(2629): warning C4305: 'argument': truncation from 'double' to 'float'
Menu.cpp(2630): warning C4305: 'argument': truncation from 'double' to 'float'
Menu.cpp(2631): warning C4305: 'argument': truncation from 'double' to 'float'
Menu.cpp(2632): warning C4305: 'argument': truncation from 'double' to 'float'
Menu.cpp(2633): warning C4305: 'argument': truncation from 'double' to 'float'
Menu.cpp(2634): warning C4305: 'argument': truncation from 'double' to 'float'
Menu.cpp(2635): warning C4305: 'argument': truncation from 'double' to 'float'
Menu.cpp(2636): warning C4305: 'argument': truncation from 'double' to 'float'
Menu.cpp(2637): warning C4305: 'argument': truncation from 'double' to 'float'
Menu.cpp(2638): warning C4305: 'argument': truncation from 'double' to 'float'
Menu.cpp(2639): warning C4305: 'argument': truncation from 'double' to 'float'
Menu.cpp(2640): warning C4305: 'argument': truncation from 'double' to 'float'
Menu.cpp(2641): warning C4305: 'argument': truncation from 'double' to 'float'
Menu.cpp(2642): warning C4305: 'argument': truncation from 'double' to 'float'
Menu.cpp(2643): warning C4305: 'argument': truncation from 'double' to 'float'
Menu.cpp(2644): warning C4305: 'argument': truncation from 'double' to 'float'
Menu.cpp(2645): warning C4305: 'argument': truncation from 'double' to 'float'
Menu.cpp(2646): warning C4305: 'argument': truncation from 'double' to 'float'
Menu.cpp(2647): warning C4305: 'argument': truncation from 'double' to 'float'
Menu.cpp(2648): warning C4305: 'argument': truncation from 'double' to 'float'
Menu.cpp(2649): warning C4305: 'argument': truncation from 'double' to 'float'
Menu.cpp(2650): warning C4305: 'argument': truncation from 'double' to 'float'
Menu.cpp(2651): warning C4305: 'argument': truncation from 'double' to 'float'
Menu.cpp(2652): warning C4305: 'argument': truncation from 'double' to 'float'
Menu.cpp(2653): warning C4305: 'argument': truncation from 'double' to 'float'
Menu.cpp(2654): warning C4305: 'argument': truncation from 'double' to 'float'
Menu.cpp(2655): warning C4305: 'argument': truncation from 'double' to 'float'
Menu.cpp(2656): warning C4305: 'argument': truncation from 'double' to 'float'
Menu.cpp(2657): warning C4305: 'argument': truncation from 'double' to 'float'
Menu.cpp(2658): warning C4305: 'argument': truncation from 'double' to 'float'
Menu.cpp(2659): warning C4305: 'argument': truncation from 'double' to 'float'
Menu.cpp(2660): warning C4305: 'argument': truncation from 'double' to 'float'
Menu.cpp(2661): warning C4305: 'argument': truncation from 'double' to 'float'
Menu.cpp(2662): warning C4305: 'argument': truncation from 'double' to 'float'
Menu.cpp(2663): warning C4305: 'argument': truncation from 'double' to 'float'
Menu.cpp(2664): warning C4305: 'argument': truncation from 'double' to 'float'
Menu.cpp(2665): warning C4305: 'argument': truncation from 'double' to 'float'
Menu.cpp(2666): warning C4305: 'argument': truncation from 'double' to 'float'
Menu.cpp(2667): warning C4305: 'argument': truncation from 'double' to 'float'
Menu.cpp(2668): warning C4305: 'argument': truncation from 'double' to 'float'
Menu.cpp(2669): warning C4305: 'argument': truncation from 'double' to 'float'
Menu.cpp(2670): warning C4305: 'argument': truncation from 'double' to 'float'
Menu.cpp(2671): warning C4305: 'argument': truncation from 'double' to 'float'
Menu.cpp(2672): warning C4305: 'argument': truncation from 'double' to 'float'
Menu.cpp(2673): warning C4305: 'argument': truncation from 'double' to 'float'
Menu.cpp(2674): warning C4305: 'argument': truncation from 'double' to 'float'
Menu.cpp(2675): warning C4305: 'argument': truncation from 'double' to 'float'
Menu.cpp(2676): warning C4305: 'argument': truncation from 'double' to 'float'
Menu.cpp(2677): warning C4305: 'argument': truncation from 'double' to 'float'
Menu.cpp(2678): warning C4305: 'argument': truncation from 'double' to 'float'
Menu.cpp(2679): warning C4305: 'argument': truncation from 'double' to 'float'
Menu.cpp(2680): warning C4305: 'argument': truncation from 'double' to 'float'
Menu.cpp(2681): warning C4305: 'argument': truncation from 'double' to 'float'
Menu.cpp(2682): warning C4305: 'argument': truncation from 'double' to 'float'
Menu.cpp(2683): warning C4305: 'argument': truncation from 'double' to 'float'
Menu.cpp(2684): warning C4305: 'argument': truncation from 'double' to 'float'
Menu.cpp(2685): warning C4305: 'argument': truncation from 'double' to 'float'
Menu.cpp(2686): warning C4305: 'argument': truncation from 'double' to 'float'
Menu.cpp(2687): warning C4305: 'argument': truncation from 'double' to 'float'
Menu.cpp(2688): warning C4305: 'argument': truncation from 'double' to 'float'
Menu.cpp(2689): warning C4305: 'argument': truncation from 'double' to 'float'
Menu.cpp(2690): warning C4305: 'argument': truncation from 'double' to 'float'
Menu.cpp(2691): warning C4305: 'argument': truncation from 'double' to 'float'
Menu.cpp(2692): warning C4305: 'argument': truncation from 'double' to 'float'
Menu.cpp(2693): warning C4305: 'argument': truncation from 'double' to 'float'
Menu.cpp(2694): warning C4305: 'argument': truncation from 'double' to 'float'
Menu.cpp(2695): warning C4305: 'argument': truncation from 'double' to 'float'
Menu.cpp(2696): warning C4305: 'argument': truncation from 'double' to 'float'
Menu.cpp(2697): warning C4305: 'argument': truncation from 'double' to 'float'
Menu.cpp(2698): warning C4305: 'argument': truncation from 'double' to 'float'
Menu.cpp(2699): warning C4305: 'argument': truncation from 'double' to 'float'
Menu.cpp(2700): warning C4305: 'argument': truncation from 'double' to 'float'
Menu.cpp(2701): warning C4305: 'argument': truncation from 'double' to 'float'
Menu.cpp(2702): warning C4305: 'argument': truncation from 'double' to 'float'
Menu.cpp(2703): warning C4305: 'argument': truncation from 'double' to 'float'
Menu.cpp(2704): warning C4305: 'argument': truncation from 'double' to 'float'
Menu.cpp(2705): warning C4305: 'argument': truncation from 'double' to 'float'
Menu.cpp(2706): warning C4305: 'argument': truncation from 'double' to 'float'
Menu.cpp(2707): warning C4305: 'argument': truncation from 'double' to 'float'
Menu.cpp(2708): warning C4305: 'argument': truncation from 'double' to 'float'
Menu.cpp(2709): warning C4305: 'argument': truncation from 'double' to 'float'
Menu.cpp(2710): warning C4305: 'argument': truncation from 'double' to 'float'
Menu.cpp(2711): warning C4305: 'argument': truncation from 'double' to 'float'
Menu.cpp(2712): warning C4305: 'argument': truncation from 'double' to 'float'
Menu.cpp(2713): warning C4305: 'argument': truncation from 'double' to 'float'
Menu.cpp(2714): warning C4305: 'argument': truncation from 'double' to 'float'
Menu.cpp(2715): warning C4305: 'argument': truncation from 'double' to 'float'
Menu.cpp(2716): warning C4305: 'argument': truncation from 'double' to 'float'
Menu.cpp(2717): warning C4305: 'argument': truncation from 'double' to 'float'
Menu.cpp(2718): warning C4305: 'argument': truncation from 'double' to 'float'
Menu.cpp(2719): warning C4305: 'argument': truncation from 'double' to 'float'
Menu.cpp(2720): warning C4305: 'argument': truncation from 'double' to 'float'
Menu.cpp(2721): warning C4305: 'argument': truncation from 'double' to 'float'
Menu.cpp(2722): warning C4305: 'argument': truncation from 'double' to 'float'
Menu.cpp(2723): warning C4305: 'argument': truncation from 'double' to 'float'
Menu.cpp(2724): warning C4305: 'argument': truncation from 'double' to 'float'
Menu.cpp(2725): warning C4305: 'argument': truncation from 'double' to 'float'
Menu.cpp(2726): warning C4305: 'argument': truncation from 'double' to 'float'
Menu.cpp(2727): warning C4305: 'argument': truncation from 'double' to 'float'
Menu.cpp(2728): warning C4305: 'argument': truncation from 'double' to 'float'
Menu.cpp(2729): warning C4305: 'argument': truncation from 'double' to 'float'
Menu.cpp(2730): warning C4305: 'argument': truncation from 'double' to 'float'
Menu.cpp(2731): warning C4305: 'argument': truncation from 'double' to 'float'
Menu.cpp(2732): warning C4305: 'argument': truncation from 'double' to 'float'
Menu.cpp(2733): warning C4305: 'argument': truncation from 'double' to 'float'
Menu.cpp(2734): warning C4305: 'argument': truncation from 'double' to 'float'
Menu.cpp(2735): warning C4305: 'argument': truncation from 'double' to 'float'
Menu.cpp(2736): warning C4305: 'argument': truncation from 'double' to 'float'
Menu.cpp(2737): warning C4305: 'argument': truncation from 'double' to 'float'
Menu.cpp(2738): warning C4305: 'argument': truncation from 'double' to 'float'
Menu.cpp(2739): warning C4305: 'argument': truncation from 'double' to 'float'
Menu.cpp(2740): warning C4305: 'argument': truncation from 'double' to 'float'
Menu.cpp(2741): warning C4305: 'argument': truncation from 'double' to 'float'
Menu.cpp(2742): warning C4305: 'argument': truncation from 'double' to 'float'
Menu.cpp(2743): warning C4305: 'argument': truncation from 'double' to 'float'
Menu.cpp(2744): warning C4305: 'argument': truncation from 'double' to 'float'
Menu.cpp(2745): warning C4305: 'argument': truncation from 'double' to 'float'
Menu.cpp(2746): warning C4305: 'argument': truncation from 'double' to 'float'
Menu.cpp(2747): warning C4305: 'argument': truncation from 'double' to 'float'
Menu.cpp(2748): warning C4305: 'argument': truncation from 'double' to 'float'
Menu.cpp(2749): warning C4305: 'argument': truncation from 'double' to 'float'
Menu.cpp(2750): warning C4305: 'argument': truncation from 'double' to 'float'
Menu.cpp(2751): warning C4305: 'argument': truncation from 'double' to 'float'
Menu.cpp(2752): warning C4305: 'argument': truncation from 'double' to 'float'
Menu.cpp(2753): warning C4305: 'argument': truncation from 'double' to 'float'
Menu.cpp(2754): warning C4305: 'argument': truncation from 'double' to 'float'
Menu.cpp(2755): warning C4305: 'argument': truncation from 'double' to 'float'
Menu.cpp(2756): warning C4305: 'argument': truncation from 'double' to 'float'
Menu.cpp(2757): warning C4305: 'argument': truncation from 'double' to 'float'
Menu.cpp(2758): warning C4305: 'argument': truncation from 'double' to 'float'
Menu.cpp(2759): warning C4305: 'argument': truncation from 'double' to 'float'
Menu.cpp(2760): warning C4305: 'argument': truncation from 'double' to 'float'
Menu.cpp(2761): warning C4305: 'argument': truncation from 'double' to 'float'
Menu.cpp(2762): warning C4305: 'argument': truncation from 'double' to 'float'
Menu.cpp(2763): warning C4305: 'argument': truncation from 'double' to 'float'
Menu.cpp(2764): warning C4305: 'argument': truncation from 'double' to 'float'
Menu.cpp(2765): warning C4305: 'argument': truncation from 'double' to 'float'
Menu.cpp(2766): warning C4305: 'argument': truncation from 'double' to 'float'
Menu.cpp(2767): warning C4305: 'argument': truncation from 'double' to 'float'
Menu.cpp(2768): warning C4305: 'argument': truncation from 'double' to 'float'
Menu.cpp(2769): warning C4305: 'argument': truncation from 'double' to 'float'
Menu.cpp(2770): warning C4305: 'argument': truncation from 'double' to 'float'
Menu.cpp(2771): warning C4305: 'argument': truncation from 'double' to 'float'
Menu.cpp(2772): warning C4305: 'argument': truncation from 'double' to 'float'
Menu.cpp(2773): warning C4305: 'argument': truncation from 'double' to 'float'
Menu.cpp(2774): warning C4305: 'argument': truncation from 'double' to 'float'
Menu.cpp(2775): warning C4305: 'argument': truncation from 'double' to 'float'
Menu.cpp(2776): warning C4305: 'argument': truncation from 'double' to 'float'
Menu.cpp(2777): warning C4305: 'argument': truncation from 'double' to 'float'
Menu.cpp(2778): warning C4305: 'argument': truncation from 'double' to 'float'
Menu.cpp(2779): warning C4305: 'argument': truncation from 'double' to 'float'
Menu.cpp(2780): warning C4305: 'argument': truncation from 'double' to 'float'
Menu.cpp(2781): warning C4305: 'argument': truncation from 'double' to 'float'
Menu.cpp(2782): warning C4305: 'argument': truncation from 'double' to 'float'
Menu.cpp(2783): warning C4305: 'argument': truncation from 'double' to 'float'
Menu.cpp(2784): warning C4305: 'argument': truncation from 'double' to 'float'
Menu.cpp(2785): warning C4305: 'argument': truncation from 'double' to 'float'
Menu.cpp(2786): warning C4305: 'argument': truncation from 'double' to 'float'
Menu.cpp(2787): warning C4305: 'argument': truncation from 'double' to 'float'
Menu.cpp(2788): warning C4305: 'argument': truncation from 'double' to 'float'
Menu.cpp(2789): warning C4305: 'argument': truncation from 'double' to 'float'
Menu.cpp(2790): warning C4305: 'argument': truncation from 'double' to 'float'
Menu.cpp(2791): warning C4305: 'argument': truncation from 'double' to 'float'
Menu.cpp(2792): warning C4305: 'argument': truncation from 'double' to 'float'
Menu.cpp(2793): warning C4305: 'argument': truncation from 'double' to 'float'
Menu.cpp(2794): warning C4305: 'argument': truncation from 'double' to 'float'
Menu.cpp(2795): warning C4305: 'argument': truncation from 'double' to 'float'
Menu.cpp(2796): warning C4305: 'argument': truncation from 'double' to 'float'
Menu.cpp(2797): warning C4305: 'argument': truncation from 'double' to 'float'
Menu.cpp(2798): warning C4305: 'argument': truncation from 'double' to 'float'
Menu.cpp(2799): warning C4305: 'argument': truncation from 'double' to 'float'
Menu.cpp(2800): warning C4305: 'argument': truncation from 'double' to 'float'
Menu.cpp(2801): warning C4305: 'argument': truncation from 'double' to 'float'
Menu.cpp(2802): warning C4305: 'argument': truncation from 'double' to 'float'
Menu.cpp(2803): warning C4305: 'argument': truncation from 'double' to 'float'
Menu.cpp(2804): warning C4305: 'argument': truncation from 'double' to 'float'
Menu.cpp(2805): warning C4305: 'argument': truncation from 'double' to 'float'
Menu.cpp(2806): warning C4305: 'argument': truncation from 'double' to 'float'
Menu.cpp(2807): warning C4305: 'argument': truncation from 'double' to 'float'
Menu.cpp(2820): warning C4305: 'argument': truncation from 'double' to 'float'
Menu.cpp(2821): warning C4305: 'argument': truncation from 'double' to 'float'
Menu.cpp(2822): warning C4305: 'argument': truncation from 'double' to 'float'
Menu.cpp(2823): warning C4305: 'argument': truncation from 'double' to 'float'
Menu.cpp(2824): warning C4305: 'argument': truncation from 'double' to 'float'
Menu.cpp(2825): warning C4305: 'argument': truncation from 'double' to 'float'
Menu.cpp(2826): warning C4305: 'argument': truncation from 'double' to 'float'
Menu.cpp(2827): warning C4305: 'argument': truncation from 'double' to 'float'
Menu.cpp(2828): warning C4305: 'argument': truncation from 'double' to 'float'
Menu.cpp(2829): warning C4305: 'argument': truncation from 'double' to 'float'
Menu.cpp(2830): warning C4305: 'argument': truncation from 'double' to 'float'
Menu.cpp(2831): warning C4305: 'argument': truncation from 'double' to 'float'
Menu.cpp(2832): warning C4305: 'argument': truncation from 'double' to 'float'
Menu.cpp(2833): warning C4305: 'argument': truncation from 'double' to 'float'
Menu.cpp(2834): warning C4305: 'argument': truncation from 'double' to 'float'
Menu.cpp(2835): warning C4305: 'argument': truncation from 'double' to 'float'
Menu.cpp(2836): warning C4305: 'argument': truncation from 'double' to 'float'
Menu.cpp(2837): warning C4305: 'argument': truncation from 'double' to 'float'
Menu.cpp(2838): warning C4305: 'argument': truncation from 'double' to 'float'
Menu.cpp(2839): warning C4305: 'argument': truncation from 'double' to 'float'
Menu.cpp(2840): warning C4305: 'argument': truncation from 'double' to 'float'
Menu.cpp(2841): warning C4305: 'argument': truncation from 'double' to 'float'
Menu.cpp(2842): warning C4305: 'argument': truncation from 'double' to 'float'
Menu.cpp(2843): warning C4305: 'argument': truncation from 'double' to 'float'
Menu.cpp(2844): warning C4305: 'argument': truncation from 'double' to 'float'
Menu.cpp(2845): warning C4305: 'argument': truncation from 'double' to 'float'
Menu.cpp(2846): warning C4305: 'argument': truncation from 'double' to 'float'
Menu.cpp(2847): warning C4305: 'argument': truncation from 'double' to 'float'
Menu.cpp(2848): warning C4305: 'argument': truncation from 'double' to 'float'
Menu.cpp(2849): warning C4305: 'argument': truncation from 'double' to 'float'
Menu.cpp(2850): warning C4305: 'argument': truncation from 'double' to 'float'
Menu.cpp(2851): warning C4305: 'argument': truncation from 'double' to 'float'
Menu.cpp(2852): warning C4305: 'argument': truncation from 'double' to 'float'
Menu.cpp(2853): warning C4305: 'argument': truncation from 'double' to 'float'
Menu.cpp(2854): warning C4305: 'argument': truncation from 'double' to 'float'
Menu.cpp(2855): warning C4305: 'argument': truncation from 'double' to 'float'
Menu.cpp(2856): warning C4305: 'argument': truncation from 'double' to 'float'
Menu.cpp(2857): warning C4305: 'argument': truncation from 'double' to 'float'
Menu.cpp(2858): warning C4305: 'argument': truncation from 'double' to 'float'
Menu.cpp(2859): warning C4305: 'argument': truncation from 'double' to 'float'
Menu.cpp(2860): warning C4305: 'argument': truncation from 'double' to 'float'
Menu.cpp(2861): warning C4305: 'argument': truncation from 'double' to 'float'
Menu.cpp(2862): warning C4305: 'argument': truncation from 'double' to 'float'
Menu.cpp(2863): warning C4305: 'argument': truncation from 'double' to 'float'
Menu.cpp(2864): warning C4305: 'argument': truncation from 'double' to 'float'
Menu.cpp(2865): warning C4305: 'argument': truncation from 'double' to 'float'
Menu.cpp(2866): warning C4305: 'argument': truncation from 'double' to 'float'
Menu.cpp(2867): warning C4305: 'argument': truncation from 'double' to 'float'
Menu.cpp(2868): warning C4305: 'argument': truncation from 'double' to 'float'
Menu.cpp(2869): warning C4305: 'argument': truncation from 'double' to 'float'
Menu.cpp(2870): warning C4305: 'argument': truncation from 'double' to 'float'
Menu.cpp(2871): warning C4305: 'argument': truncation from 'double' to 'float'
Menu.cpp(2872): warning C4305: 'argument': truncation from 'double' to 'float'
Menu.cpp(2873): warning C4305: 'argument': truncation from 'double' to 'float'
Menu.cpp(2874): warning C4305: 'argument': truncation from 'double' to 'float'
Menu.cpp(2875): warning C4305: 'argument': truncation from 'double' to 'float'
Menu.cpp(2876): warning C4305: 'argument': truncation from 'double' to 'float'
Menu.cpp(2877): warning C4305: 'argument': truncation from 'double' to 'float'
Menu.cpp(2878): warning C4305: 'argument': truncation from 'double' to 'float'
Menu.cpp(2879): warning C4305: 'argument': truncation from 'double' to 'float'
Menu.cpp(2880): warning C4305: 'argument': truncation from 'double' to 'float'
Menu.cpp(2881): warning C4305: 'argument': truncation from 'double' to 'float'
Menu.cpp(2882): warning C4305: 'argument': truncation from 'double' to 'float'
Menu.cpp(2883): warning C4305: 'argument': truncation from 'double' to 'float'
Menu.cpp(2884): warning C4305: 'argument': truncation from 'double' to 'float'
Menu.cpp(2885): warning C4305: 'argument': truncation from 'double' to 'float'
Menu.cpp(2886): warning C4305: 'argument': truncation from 'double' to 'float'
Menu.cpp(2887): warning C4305: 'argument': truncation from 'double' to 'float'
Menu.cpp(2888): warning C4305: 'argument': truncation from 'double' to 'float'
Menu.cpp(2889): warning C4305: 'argument': truncation from 'double' to 'float'
Menu.cpp(2890): warning C4305: 'argument': truncation from 'double' to 'float'
Menu.cpp(2891): warning C4305: 'argument': truncation from 'double' to 'float'
Menu.cpp(2892): warning C4305: 'argument': truncation from 'double' to 'float'
Menu.cpp(2893): warning C4305: 'argument': truncation from 'double' to 'float'
Menu.cpp(2894): warning C4305: 'argument': truncation from 'double' to 'float'
Menu.cpp(2895): warning C4305: 'argument': truncation from 'double' to 'float'
Menu.cpp(2896): warning C4305: 'argument': truncation from 'double' to 'float'
Menu.cpp(2897): warning C4305: 'argument': truncation from 'double' to 'float'
Menu.cpp(2898): warning C4305: 'argument': truncation from 'double' to 'float'
Menu.cpp(2899): warning C4305: 'argument': truncation from 'double' to 'float'
Menu.cpp(2900): warning C4305: 'argument': truncation from 'double' to 'float'
Menu.cpp(2901): warning C4305: 'argument': truncation from 'double' to 'float'
Menu.cpp(2902): warning C4305: 'argument': truncation from 'double' to 'float'
Menu.cpp(2903): warning C4305: 'argument': truncation from 'double' to 'float'
Menu.cpp(2904): warning C4305: 'argument': truncation from 'double' to 'float'
Menu.cpp(2905): warning C4305: 'argument': truncation from 'double' to 'float'
Menu.cpp(2906): warning C4305: 'argument': truncation from 'double' to 'float'
Menu.cpp(2907): warning C4305: 'argument': truncation from 'double' to 'float'
Menu.cpp(2908): warning C4305: 'argument': truncation from 'double' to 'float'
Menu.cpp(2909): warning C4305: 'argument': truncation from 'double' to 'float'
Menu.cpp(2910): warning C4305: 'argument': truncation from 'double' to 'float'
Menu.cpp(2911): warning C4305: 'argument': truncation from 'double' to 'float'
Menu.cpp(2912): warning C4305: 'argument': truncation from 'double' to 'float'
Menu.cpp(2913): warning C4305: 'argument': truncation from 'double' to 'float'
Menu.cpp(2914): warning C4305: 'argument': truncation from 'double' to 'float'
Menu.cpp(2915): warning C4305: 'argument': truncation from 'double' to 'float'
Menu.cpp(2916): warning C4305: 'argument': truncation from 'double' to 'float'
Menu.cpp(2917): warning C4305: 'argument': truncation from 'double' to 'float'
Menu.cpp(2918): warning C4305: 'argument': truncation from 'double' to 'float'
Menu.cpp(2919): warning C4305: 'argument': truncation from 'double' to 'float'
Menu.cpp(2920): warning C4305: 'argument': truncation from 'double' to 'float'
Menu.cpp(2921): warning C4305: 'argument': truncation from 'double' to 'float'
Menu.cpp(2922): warning C4305: 'argument': truncation from 'double' to 'float'
Menu.cpp(2923): warning C4305: 'argument': truncation from 'double' to 'float'
Menu.cpp(2924): warning C4305: 'argument': truncation from 'double' to 'float'
Menu.cpp(2925): warning C4305: 'argument': truncation from 'double' to 'float'
Menu.cpp(2926): warning C4305: 'argument': truncation from 'double' to 'float'
Menu.cpp(2927): warning C4305: 'argument': truncation from 'double' to 'float'
Menu.cpp(2928): warning C4305: 'argument': truncation from 'double' to 'float'
Menu.cpp(2929): warning C4305: 'argument': truncation from 'double' to 'float'
Menu.cpp(2930): warning C4305: 'argument': truncation from 'double' to 'float'
Menu.cpp(2931): warning C4305: 'argument': truncation from 'double' to 'float'
Menu.cpp(2932): warning C4305: 'argument': truncation from 'double' to 'float'
Menu.cpp(2933): warning C4305: 'argument': truncation from 'double' to 'float'
Menu.cpp(2934): warning C4305: 'argument': truncation from 'double' to 'float'
Menu.cpp(2935): warning C4305: 'argument': truncation from 'double' to 'float'
Menu.cpp(2936): warning C4305: 'argument': truncation from 'double' to 'float'
Menu.cpp(2937): warning C4305: 'argument': truncation from 'double' to 'float'
Menu.cpp(2938): warning C4305: 'argument': truncation from 'double' to 'float'
Menu.cpp(2939): warning C4305: 'argument': truncation from 'double' to 'float'
Menu.cpp(2940): warning C4305: 'argument': truncation from 'double' to 'float'
Menu.cpp(2941): warning C4305: 'argument': truncation from 'double' to 'float'
Menu.cpp(2942): warning C4305: 'argument': truncation from 'double' to 'float'
Menu.cpp(2955): warning C4305: 'argument': truncation from 'double' to 'float'
Menu.cpp(2956): warning C4305: 'argument': truncation from 'double' to 'float'
Menu.cpp(2957): warning C4305: 'argument': truncation from 'double' to 'float'
Menu.cpp(2958): warning C4305: 'argument': truncation from 'double' to 'float'
Menu.cpp(2959): warning C4305: 'argument': truncation from 'double' to 'float'
Menu.cpp(2960): warning C4305: 'argument': truncation from 'double' to 'float'
Menu.cpp(2961): warning C4305: 'argument': truncation from 'double' to 'float'
Menu.cpp(2962): warning C4305: 'argument': truncation from 'double' to 'float'
Menu.cpp(2963): warning C4305: 'argument': truncation from 'double' to 'float'
Menu.cpp(2964): warning C4305: 'argument': truncation from 'double' to 'float'
Menu.cpp(2965): warning C4305: 'argument': truncation from 'double' to 'float'
Menu.cpp(2966): warning C4305: 'argument': truncation from 'double' to 'float'
Menu.cpp(2967): warning C4305: 'argument': truncation from 'double' to 'float'
Menu.cpp(2968): warning C4305: 'argument': truncation from 'double' to 'float'
Menu.cpp(2969): warning C4305: 'argument': truncation from 'double' to 'float'
Menu.cpp(2970): warning C4305: 'argument': truncation from 'double' to 'float'
Menu.cpp(2971): warning C4305: 'argument': truncation from 'double' to 'float'
Menu.cpp(2972): warning C4305: 'argument': truncation from 'double' to 'float'
Menu.cpp(2973): warning C4305: 'argument': truncation from 'double' to 'float'
Menu.cpp(2974): warning C4305: 'argument': truncation from 'double' to 'float'
Menu.cpp(2975): warning C4305: 'argument': truncation from 'double' to 'float'
Menu.cpp(2976): warning C4305: 'argument': truncation from 'double' to 'float'
Menu.cpp(2977): warning C4305: 'argument': truncation from 'double' to 'float'
Menu.cpp(2978): warning C4305: 'argument': truncation from 'double' to 'float'
Menu.cpp(2979): warning C4305: 'argument': truncation from 'double' to 'float'
Menu.cpp(2980): warning C4305: 'argument': truncation from 'double' to 'float'
Menu.cpp(2981): warning C4305: 'argument': truncation from 'double' to 'float'
Menu.cpp(2982): warning C4305: 'argument': truncation from 'double' to 'float'
Menu.cpp(2983): warning C4305: 'argument': truncation from 'double' to 'float'
Menu.cpp(2984): warning C4305: 'argument': truncation from 'double' to 'float'
Menu.cpp(2985): warning C4305: 'argument': truncation from 'double' to 'float'
Menu.cpp(2986): warning C4305: 'argument': truncation from 'double' to 'float'
Menu.cpp(2987): warning C4305: 'argument': truncation from 'double' to 'float'
Menu.cpp(2988): warning C4305: 'argument': truncation from 'double' to 'float'
Menu.cpp(2989): warning C4305: 'argument': truncation from 'double' to 'float'
Menu.cpp(2990): warning C4305: 'argument': truncation from 'double' to 'float'
Menu.cpp(2991): warning C4305: 'argument': truncation from 'double' to 'float'
Menu.cpp(2992): warning C4305: 'argument': truncation from 'double' to 'float'
Menu.cpp(2993): warning C4305: 'argument': truncation from 'double' to 'float'
Menu.cpp(2994): warning C4305: 'argument': truncation from 'double' to 'float'
Menu.cpp(2995): warning C4305: 'argument': truncation from 'double' to 'float'
Menu.cpp(2996): warning C4305: 'argument': truncation from 'double' to 'float'
Menu.cpp(2997): warning C4305: 'argument': truncation from 'double' to 'float'
Menu.cpp(2998): warning C4305: 'argument': truncation from 'double' to 'float'
Menu.cpp(2999): warning C4305: 'argument': truncation from 'double' to 'float'
Menu.cpp(3000): warning C4305: 'argument': truncation from 'double' to 'float'
Menu.cpp(3001): warning C4305: 'argument': truncation from 'double' to 'float'
Menu.cpp(3002): warning C4305: 'argument': truncation from 'double' to 'float'
Menu.cpp(3003): warning C4305: 'argument': truncation from 'double' to 'float'
Menu.cpp(3004): warning C4305: 'argument': truncation from 'double' to 'float'
Menu.cpp(3005): warning C4305: 'argument': truncation from 'double' to 'float'
Menu.cpp(3006): warning C4305: 'argument': truncation from 'double' to 'float'
Menu.cpp(3007): warning C4305: 'argument': truncation from 'double' to 'float'
Menu.cpp(3008): warning C4305: 'argument': truncation from 'double' to 'float'
Menu.cpp(3009): warning C4305: 'argument': truncation from 'double' to 'float'
Menu.cpp(3010): warning C4305: 'argument': truncation from 'double' to 'float'
Menu.cpp(3011): warning C4305: 'argument': truncation from 'double' to 'float'
Menu.cpp(3012): warning C4305: 'argument': truncation from 'double' to 'float'
Menu.cpp(3013): warning C4305: 'argument': truncation from 'double' to 'float'
Menu.cpp(3014): warning C4305: 'argument': truncation from 'double' to 'float'
Menu.cpp(3015): warning C4305: 'argument': truncation from 'double' to 'float'
Menu.cpp(3016): warning C4305: 'argument': truncation from 'double' to 'float'
Menu.cpp(3017): warning C4305: 'argument': truncation from 'double' to 'float'
Menu.cpp(3018): warning C4305: 'argument': truncation from 'double' to 'float'
Menu.cpp(3019): warning C4305: 'argument': truncation from 'double' to 'float'
Menu.cpp(3020): warning C4305: 'argument': truncation from 'double' to 'float'
Menu.cpp(3021): warning C4305: 'argument': truncation from 'double' to 'float'
Menu.cpp(3022): warning C4305: 'argument': truncation from 'double' to 'float'
Menu.cpp(3023): warning C4305: 'argument': truncation from 'double' to 'float'
Menu.cpp(3024): warning C4305: 'argument': truncation from 'double' to 'float'
Menu.cpp(3025): warning C4305: 'argument': truncation from 'double' to 'float'
Menu.cpp(3026): warning C4305: 'argument': truncation from 'double' to 'float'
Menu.cpp(3027): warning C4305: 'argument': truncation from 'double' to 'float'
Menu.cpp(3028): warning C4305: 'argument': truncation from 'double' to 'float'
Menu.cpp(3029): warning C4305: 'argument': truncation from 'double' to 'float'
Menu.cpp(3030): warning C4305: 'argument': truncation from 'double' to 'float'
Menu.cpp(3031): warning C4305: 'argument': truncation from 'double' to 'float'
Menu.cpp(3032): warning C4305: 'argument': truncation from 'double' to 'float'
Menu.cpp(3033): warning C4305: 'argument': truncation from 'double' to 'float'
Menu.cpp(3034): warning C4305: 'argument': truncation from 'double' to 'float'
Menu.cpp(3035): warning C4305: 'argument': truncation from 'double' to 'float'
Menu.cpp(3036): warning C4305: 'argument': truncation from 'double' to 'float'
Menu.cpp(3037): warning C4305: 'argument': truncation from 'double' to 'float'
Menu.cpp(3038): warning C4305: 'argument': truncation from 'double' to 'float'
Menu.cpp(3039): warning C4305: 'argument': truncation from 'double' to 'float'
Menu.cpp(3040): warning C4305: 'argument': truncation from 'double' to 'float'
Menu.cpp(3041): warning C4305: 'argument': truncation from 'double' to 'float'
Menu.cpp(3042): warning C4305: 'argument': truncation from 'double' to 'float'
Menu.cpp(3043): warning C4305: 'argument': truncation from 'double' to 'float'
Menu.cpp(3044): warning C4305: 'argument': truncation from 'double' to 'float'
Menu.cpp(3045): warning C4305: 'argument': truncation from 'double' to 'float'
Menu.cpp(3046): warning C4305: 'argument': truncation from 'double' to 'float'
Menu.cpp(3047): warning C4305: 'argument': truncation from 'double' to 'float'
Menu.cpp(3048): warning C4305: 'argument': truncation from 'double' to 'float'
Menu.cpp(3049): warning C4305: 'argument': truncation from 'double' to 'float'
Menu.cpp(3050): warning C4305: 'argument': truncation from 'double' to 'float'
Menu.cpp(3051): warning C4305: 'argument': truncation from 'double' to 'float'
Menu.cpp(3052): warning C4305: 'argument': truncation from 'double' to 'float'
Menu.cpp(3053): warning C4305: 'argument': truncation from 'double' to 'float'
Menu.cpp(3054): warning C4305: 'argument': truncation from 'double' to 'float'
Menu.cpp(3055): warning C4305: 'argument': truncation from 'double' to 'float'
Menu.cpp(3056): warning C4305: 'argument': truncation from 'double' to 'float'
Menu.cpp(3057): warning C4305: 'argument': truncation from 'double' to 'float'
Menu.cpp(3058): warning C4305: 'argument': truncation from 'double' to 'float'
Menu.cpp(3071): warning C4305: 'argument': truncation from 'double' to 'float'
Menu.cpp(3072): warning C4305: 'argument': truncation from 'double' to 'float'
Menu.cpp(3073): warning C4305: 'argument': truncation from 'double' to 'float'
Menu.cpp(3074): warning C4305: 'argument': truncation from 'double' to 'float'
Menu.cpp(3075): warning C4305: 'argument': truncation from 'double' to 'float'
Menu.cpp(3076): warning C4305: 'argument': truncation from 'double' to 'float'
Menu.cpp(3077): warning C4305: 'argument': truncation from 'double' to 'float'
Menu.cpp(3078): warning C4305: 'argument': truncation from 'double' to 'float'
Menu.cpp(3079): warning C4305: 'argument': truncation from 'double' to 'float'
Menu.cpp(3080): warning C4305: 'argument': truncation from 'double' to 'float'
Menu.cpp(3081): warning C4305: 'argument': truncation from 'double' to 'float'
Menu.cpp(3082): warning C4305: 'argument': truncation from 'double' to 'float'
Menu.cpp(3083): warning C4305: 'argument': truncation from 'double' to 'float'
Menu.cpp(3084): warning C4305: 'argument': truncation from 'double' to 'float'
Menu.cpp(3085): warning C4305: 'argument': truncation from 'double' to 'float'
Menu.cpp(3086): warning C4305: 'argument': truncation from 'double' to 'float'
Menu.cpp(3087): warning C4305: 'argument': truncation from 'double' to 'float'
Menu.cpp(3088): warning C4305: 'argument': truncation from 'double' to 'float'
Menu.cpp(3089): warning C4305: 'argument': truncation from 'double' to 'float'
Menu.cpp(3090): warning C4305: 'argument': truncation from 'double' to 'float'
Menu.cpp(3091): warning C4305: 'argument': truncation from 'double' to 'float'
Menu.cpp(3092): warning C4305: 'argument': truncation from 'double' to 'float'
Menu.cpp(3093): warning C4305: 'argument': truncation from 'double' to 'float'
Menu.cpp(3094): warning C4305: 'argument': truncation from 'double' to 'float'
Menu.cpp(3095): warning C4305: 'argument': truncation from 'double' to 'float'
Menu.cpp(3096): warning C4305: 'argument': truncation from 'double' to 'float'
Menu.cpp(3097): warning C4305: 'argument': truncation from 'double' to 'float'
Menu.cpp(3098): warning C4305: 'argument': truncation from 'double' to 'float'
Menu.cpp(3099): warning C4305: 'argument': truncation from 'double' to 'float'
Menu.cpp(3100): warning C4305: 'argument': truncation from 'double' to 'float'
Menu.cpp(3101): warning C4305: 'argument': truncation from 'double' to 'float'
Menu.cpp(3102): warning C4305: 'argument': truncation from 'double' to 'float'
Menu.cpp(3103): warning C4305: 'argument': truncation from 'double' to 'float'
Menu.cpp(3104): warning C4305: 'argument': truncation from 'double' to 'float'
Menu.cpp(3105): warning C4305: 'argument': truncation from 'double' to 'float'
Menu.cpp(3106): warning C4305: 'argument': truncation from 'double' to 'float'
Menu.cpp(3107): warning C4305: 'argument': truncation from 'double' to 'float'
Menu.cpp(3108): warning C4305: 'argument': truncation from 'double' to 'float'
Menu.cpp(3109): warning C4305: 'argument': truncation from 'double' to 'float'
Menu.cpp(3110): warning C4305: 'argument': truncation from 'double' to 'float'
Menu.cpp(3111): warning C4305: 'argument': truncation from 'double' to 'float'
Menu.cpp(3112): warning C4305: 'argument': truncation from 'double' to 'float'
Menu.cpp(3113): warning C4305: 'argument': truncation from 'double' to 'float'
Menu.cpp(3114): warning C4305: 'argument': truncation from 'double' to 'float'
Menu.cpp(3115): warning C4305: 'argument': truncation from 'double' to 'float'
Menu.cpp(3116): warning C4305: 'argument': truncation from 'double' to 'float'
Menu.cpp(3117): warning C4305: 'argument': truncation from 'double' to 'float'
Menu.cpp(3118): warning C4305: 'argument': truncation from 'double' to 'float'
Menu.cpp(3119): warning C4305: 'argument': truncation from 'double' to 'float'
Menu.cpp(3120): warning C4305: 'argument': truncation from 'double' to 'float'
Menu.cpp(3121): warning C4305: 'argument': truncation from 'double' to 'float'
Menu.cpp(3122): warning C4305: 'argument': truncation from 'double' to 'float'
Menu.cpp(3123): warning C4305: 'argument': truncation from 'double' to 'float'
Menu.cpp(3124): warning C4305: 'argument': truncation from 'double' to 'float'
Menu.cpp(3125): warning C4305: 'argument': truncation from 'double' to 'float'
Menu.cpp(3126): warning C4305: 'argument': truncation from 'double' to 'float'
Menu.cpp(3127): warning C4305: 'argument': truncation from 'double' to 'float'
Menu.cpp(3128): warning C4305: 'argument': truncation from 'double' to 'float'
Menu.cpp(3129): warning C4305: 'argument': truncation from 'double' to 'float'
Menu.cpp(3142): warning C4305: 'argument': truncation from 'double' to 'float'
Menu.cpp(3143): warning C4305: 'argument': truncation from 'double' to 'float'
Menu.cpp(3144): warning C4305: 'argument': truncation from 'double' to 'float'
Menu.cpp(3145): warning C4305: 'argument': truncation from 'double' to 'float'
Menu.cpp(3146): warning C4305: 'argument': truncation from 'double' to 'float'
Menu.cpp(3147): warning C4305: 'argument': truncation from 'double' to 'float'
Menu.cpp(3148): warning C4305: 'argument': truncation from 'double' to 'float'
Menu.cpp(3149): warning C4305: 'argument': truncation from 'double' to 'float'
Menu.cpp(3150): warning C4305: 'argument': truncation from 'double' to 'float'
Menu.cpp(3151): warning C4305: 'argument': truncation from 'double' to 'float'
Menu.cpp(3152): warning C4305: 'argument': truncation from 'double' to 'float'
Menu.cpp(3153): warning C4305: 'argument': truncation from 'double' to 'float'
Menu.cpp(3154): warning C4305: 'argument': truncation from 'double' to 'float'
Menu.cpp(3155): warning C4305: 'argument': truncation from 'double' to 'float'
Menu.cpp(3156): warning C4305: 'argument': truncation from 'double' to 'float'
Menu.cpp(3157): warning C4305: 'argument': truncation from 'double' to 'float'
Menu.cpp(3158): warning C4305: 'argument': truncation from 'double' to 'float'
Menu.cpp(3159): warning C4305: 'argument': truncation from 'double' to 'float'
Menu.cpp(3160): warning C4305: 'argument': truncation from 'double' to 'float'
Menu.cpp(3161): warning C4305: 'argument': truncation from 'double' to 'float'
Menu.cpp(3162): warning C4305: 'argument': truncation from 'double' to 'float'
Menu.cpp(3163): warning C4305: 'argument': truncation from 'double' to 'float'
Menu.cpp(3164): warning C4305: 'argument': truncation from 'double' to 'float'
Menu.cpp(3165): warning C4305: 'argument': truncation from 'double' to 'float'
Menu.cpp(3166): warning C4305: 'argument': truncation from 'double' to 'float'
Menu.cpp(3167): warning C4305: 'argument': truncation from 'double' to 'float'
Menu.cpp(3168): warning C4305: 'argument': truncation from 'double' to 'float'
Menu.cpp(3169): warning C4305: 'argument': truncation from 'double' to 'float'
Menu.cpp(3170): warning C4305: 'argument': truncation from 'double' to 'float'
Menu.cpp(3171): warning C4305: 'argument': truncation from 'double' to 'float'
Menu.cpp(3172): warning C4305: 'argument': truncation from 'double' to 'float'
Menu.cpp(3173): warning C4305: 'argument': truncation from 'double' to 'float'
Menu.cpp(3174): warning C4305: 'argument': truncation from 'double' to 'float'
Menu.cpp(3175): warning C4305: 'argument': truncation from 'double' to 'float'
Menu.cpp(3176): warning C4305: 'argument': truncation from 'double' to 'float'
Menu.cpp(3177): warning C4305: 'argument': truncation from 'double' to 'float'
Menu.cpp(3178): warning C4305: 'argument': truncation from 'double' to 'float'
Menu.cpp(3179): warning C4305: 'argument': truncation from 'double' to 'float'
Menu.cpp(3180): warning C4305: 'argument': truncation from 'double' to 'float'
Menu.cpp(3181): warning C4305: 'argument': truncation from 'double' to 'float'
Menu.cpp(3182): warning C4305: 'argument': truncation from 'double' to 'float'
Menu.cpp(3183): warning C4305: 'argument': truncation from 'double' to 'float'
Menu.cpp(3184): warning C4305: 'argument': truncation from 'double' to 'float'
Menu.cpp(3185): warning C4305: 'argument': truncation from 'double' to 'float'
Menu.cpp(3186): warning C4305: 'argument': truncation from 'double' to 'float'
Menu.cpp(3187): warning C4305: 'argument': truncation from 'double' to 'float'
Menu.cpp(3188): warning C4305: 'argument': truncation from 'double' to 'float'
Menu.cpp(3189): warning C4305: 'argument': truncation from 'double' to 'float'
Menu.cpp(3190): warning C4305: 'argument': truncation from 'double' to 'float'
Menu.cpp(3191): warning C4305: 'argument': truncation from 'double' to 'float'
Menu.cpp(3192): warning C4305: 'argument': truncation from 'double' to 'float'
Menu.cpp(3193): warning C4305: 'argument': truncation from 'double' to 'float'
Menu.cpp(3194): warning C4305: 'argument': truncation from 'double' to 'float'
Menu.cpp(3195): warning C4305: 'argument': truncation from 'double' to 'float'
Menu.cpp(3196): warning C4305: 'argument': truncation from 'double' to 'float'
Menu.cpp(3197): warning C4305: 'argument': truncation from 'double' to 'float'
Menu.cpp(3198): warning C4305: 'argument': truncation from 'double' to 'float'
Menu.cpp(3397): warning C4838: conversion from 'int' to 'DWORD64' requires a narrowing conversion
Menu.cpp(3409): warning C4838: conversion from 'int' to 'DWORD64' requires a narrowing conversion
Menu.cpp(3425): warning C4838: conversion from 'Player' to 'DWORD64' requires a narrowing conversion
Menu.cpp(3425): warning C4838: conversion from 'int' to 'DWORD64' requires a narrowing conversion
Menu.cpp(3434): warning C4838: conversion from 'int' to 'DWORD64' requires a narrowing conversion
Menu.cpp(3454): warning C4838: conversion from 'Player' to 'DWORD64' requires a narrowing conversion
Menu.cpp(3454): warning C4838: conversion from 'int' to 'DWORD64' requires a narrowing conversion
Menu.cpp(3462): warning C4838: conversion from 'Player' to 'DWORD64' requires a narrowing conversion
Menu.cpp(3462): warning C4838: conversion from 'int' to 'DWORD64' requires a narrowing conversion
Menu.cpp(3470): warning C4838: conversion from 'Player' to 'DWORD64' requires a narrowing conversion
Menu.cpp(3470): warning C4838: conversion from 'int' to 'DWORD64' requires a narrowing conversion
Menu.cpp(3479): warning C4838: conversion from 'Player' to 'DWORD64' requires a narrowing conversion
Menu.cpp(3479): warning C4838: conversion from 'int' to 'DWORD64' requires a narrowing conversion
Menu.cpp(3488): warning C4838: conversion from 'Player' to 'DWORD64' requires a narrowing conversion
Menu.cpp(3488): warning C4838: conversion from 'int' to 'DWORD64' requires a narrowing conversion
Menu.cpp(3501): warning C4305: 'argument': truncation from 'double' to 'float'
Menu.cpp(3518): warning C4838: conversion from 'Player' to 'DWORD64' requires a narrowing conversion
Menu.cpp(3564): warning C4838: conversion from 'Player' to 'DWORD64' requires a narrowing conversion
Menu.cpp(3564): warning C4838: conversion from 'int' to 'DWORD64' requires a narrowing conversion
Menu.cpp(3574): warning C4838: conversion from 'int' to 'DWORD64' requires a narrowing conversion
Menu.cpp(3580): warning C4838: conversion from 'int' to 'DWORD64' requires a narrowing conversion
Menu.cpp(3591): warning C4838: conversion from 'int' to 'uint64_t' requires a narrowing conversion
Menu.cpp(3599): warning C4838: conversion from 'int' to 'DWORD64' requires a narrowing conversion
Menu.cpp(3599): warning C4838: conversion from 'Player' to 'DWORD64' requires a narrowing conversion
Menu.cpp(3606): warning C4838: conversion from 'int' to 'DWORD64' requires a narrowing conversion
Menu.cpp(3623): warning C4838: conversion from 'Ped' to 'uint64_t' requires a narrowing conversion
Menu.cpp(3634): warning C4838: conversion from 'int' to 'DWORD64' requires a narrowing conversion
Menu.cpp(3642): warning C4838: conversion from 'int' to 'DWORD64' requires a narrowing conversion
Menu.cpp(3651): warning C4838: conversion from 'int' to 'DWORD64' requires a narrowing conversion
Menu.cpp(3660): warning C4838: conversion from 'Ped' to 'uint64_t' requires a narrowing conversion
Menu.cpp(3668): warning C4838: conversion from 'int' to 'DWORD64' requires a narrowing conversion
Menu.cpp(3677): warning C4838: conversion from 'int' to 'DWORD64' requires a narrowing conversion
Menu.cpp(3681): warning C4838: conversion from 'RemoteEvents' to 'DWORD64' requires a narrowing conversion
Menu.cpp(3681): warning C4838: conversion from 'int' to 'DWORD64' requires a narrowing conversion
Menu.cpp(3686): warning C4838: conversion from 'int' to 'DWORD64' requires a narrowing conversion
Menu.cpp(3693): warning C4838: conversion from 'int' to 'DWORD64' requires a narrowing conversion
Menu.cpp(3728): warning C4305: 'argument': truncation from 'double' to 'float'
Menu.cpp(3745): warning C4244: 'argument': conversion from 'float' to 'int', possible loss of data
Menu.cpp(3829): warning C4838: conversion from 'int' to 'DWORD64' requires a narrowing conversion
Menu.cpp(3840): warning C4244: 'argument': conversion from 'float' to 'BOOL', possible loss of data
Menu.cpp(3840): warning C4244: 'argument': conversion from 'float' to 'Vehicle', possible loss of data
Menu.cpp(3921): warning C4244: '=': conversion from 'double' to 'float', possible loss of data
Menu.cpp(4114): warning C4305: 'argument': truncation from 'double' to 'float'
Menu.cpp(4144): warning C4244: 'argument': conversion from 'double' to 'float', possible loss of data
Menu.cpp(4150): warning C4244: 'argument': conversion from 'double' to 'float', possible loss of data
Menu.cpp(4156): warning C4244: 'argument': conversion from 'double' to 'float', possible loss of data
Menu.cpp(4286): warning C4244: 'argument': conversion from 'int' to 'float', possible loss of data
Menu.cpp(4287): warning C4244: 'argument': conversion from 'int' to 'float', possible loss of data
Menu.cpp(4288): warning C4244: 'argument': conversion from 'int' to 'float', possible loss of data
Menu.cpp(5729): warning C4305: '=': truncation from 'double' to 'float'
Menu.cpp(5760): warning C4305: '=': truncation from 'double' to 'float'
Menu.cpp(5763): warning C4305: '=': truncation from 'double' to 'float'
Menu.cpp(5766): warning C4305: '=': truncation from 'double' to 'float'
Menu.cpp(5769): warning C4305: '=': truncation from 'double' to 'float'
Menu.cpp(5772): warning C4305: '=': truncation from 'double' to 'float'
Menu.cpp(5775): warning C4305: '=': truncation from 'double' to 'float'
Menu.cpp(5778): warning C4305: '=': truncation from 'double' to 'float'
Menu.cpp(5781): warning C4305: '=': truncation from 'double' to 'float'
Menu.cpp(5784): warning C4305: '=': truncation from 'double' to 'float'
Menu.cpp(5787): warning C4305: '=': truncation from 'double' to 'float'
Menu.cpp(5790): warning C4305: '=': truncation from 'double' to 'float'
Menu.cpp(5793): warning C4305: '=': truncation from 'double' to 'float'
Menu.cpp(5796): warning C4305: '=': truncation from 'double' to 'float'
Menu.cpp(5799): warning C4305: '=': truncation from 'double' to 'float'
Menu.cpp(5865): warning C4305: '=': truncation from 'double' to 'float'
Menu.cpp(5869): warning C4305: '=': truncation from 'double' to 'float'
Menu.cpp(5873): warning C4305: '=': truncation from 'double' to 'float'
Menu.cpp(5877): warning C4305: '=': truncation from 'double' to 'float'
Menu.cpp(5881): warning C4305: '=': truncation from 'double' to 'float'
Menu.cpp(5885): warning C4305: '=': truncation from 'double' to 'float'
Menu.cpp(5889): warning C4305: '=': truncation from 'double' to 'float'
Menu.cpp(5943): warning C4305: '=': truncation from 'double' to 'float'
Menu.cpp(5947): warning C4305: '=': truncation from 'double' to 'float'
Menu.cpp(5951): warning C4305: '=': truncation from 'double' to 'float'
Menu.cpp(5955): warning C4305: '=': truncation from 'double' to 'float'
Menu.cpp(5959): warning C4305: '=': truncation from 'double' to 'float'
Menu.cpp(5963): warning C4305: '=': truncation from 'double' to 'float'
Menu.cpp(5967): warning C4305: '=': truncation from 'double' to 'float'
Menu.cpp(6029): warning C4305: '=': truncation from 'double' to 'float'
Menu.cpp(6033): warning C4305: '=': truncation from 'double' to 'float'
Menu.cpp(6037): warning C4305: '=': truncation from 'double' to 'float'
Menu.cpp(6041): warning C4305: '=': truncation from 'double' to 'float'
Menu.cpp(6086): warning C4305: '=': truncation from 'double' to 'float'
Menu.cpp(6112): warning C4305: '=': truncation from 'double' to 'float'
Menu.cpp(6115): warning C4305: '=': truncation from 'double' to 'float'
Menu.cpp(6118): warning C4305: '=': truncation from 'double' to 'float'
Menu.cpp(6121): warning C4305: '=': truncation from 'double' to 'float'
Menu.cpp(6163): warning C4305: '=': truncation from 'double' to 'float'
Menu.cpp(6165): warning C4305: '=': truncation from 'double' to 'float'
Menu.cpp(6168): warning C4305: '=': truncation from 'double' to 'float'
Menu.cpp(6203): warning C4305: '=': truncation from 'double' to 'float'
Menu.cpp(6212): warning C4244: 'argument': conversion from 'float' to 'BOOL', possible loss of data
Menu.cpp(6388): warning C4305: '=': truncation from 'double' to 'float'
Menu.cpp(6485): warning C4305: '=': truncation from 'double' to 'float'
Menu.cpp(6517): warning C4305: '=': truncation from 'double' to 'float'
Menu.cpp(6520): warning C4305: '=': truncation from 'double' to 'float'
Menu.cpp(6523): warning C4305: '=': truncation from 'double' to 'float'
Menu.cpp(6526): warning C4305: '=': truncation from 'double' to 'float'
Menu.cpp(6581): warning C4305: '=': truncation from 'double' to 'float'
Menu.cpp(6584): warning C4305: '=': truncation from 'double' to 'float'
Menu.cpp(6588): warning C4305: '=': truncation from 'double' to 'float'
Menu.cpp(6624): warning C4305: '=': truncation from 'double' to 'float'
Menu.cpp(6628): warning C4305: '=': truncation from 'double' to 'float'
Menu.cpp(6632): warning C4305: '=': truncation from 'double' to 'float'
Menu.cpp(6636): warning C4305: '=': truncation from 'double' to 'float'
Menu.cpp(6637): warning C4305: '=': truncation from 'double' to 'float'
Menu.cpp(6640): warning C4305: '=': truncation from 'double' to 'float'
Menu.cpp(6644): warning C4305: '=': truncation from 'double' to 'float'
Menu.cpp(6645): warning C4305: '=': truncation from 'double' to 'float'
Menu.cpp(6648): warning C4305: '=': truncation from 'double' to 'float'
Menu.cpp(6652): warning C4305: '=': truncation from 'double' to 'float'
Menu.cpp(6656): warning C4305: '=': truncation from 'double' to 'float'
Menu.cpp(6660): warning C4305: '=': truncation from 'double' to 'float'
Menu.cpp(6744): warning C4305: '=': truncation from 'double' to 'float'
Menu.cpp(6748): warning C4305: '=': truncation from 'double' to 'float'
Menu.cpp(6752): warning C4305: '=': truncation from 'double' to 'float'
Menu.cpp(6756): warning C4305: '=': truncation from 'double' to 'float'
Menu.cpp(6760): warning C4305: '=': truncation from 'double' to 'float'
Menu.cpp(6764): warning C4305: '=': truncation from 'double' to 'float'
Menu.cpp(6768): warning C4305: '=': truncation from 'double' to 'float'
Menu.cpp(6772): warning C4305: '=': truncation from 'double' to 'float'
Menu.cpp(6776): warning C4305: '=': truncation from 'double' to 'float'
Menu.cpp(6777): warning C4305: '=': truncation from 'double' to 'float'
Menu.cpp(6780): warning C4305: '=': truncation from 'double' to 'float'
Menu.cpp(6781): warning C4305: '=': truncation from 'double' to 'float'
Menu.cpp(6784): warning C4305: '=': truncation from 'double' to 'float'
Menu.cpp(6788): warning C4305: '=': truncation from 'double' to 'float'
Menu.cpp(7678): warning C4551: function call missing argument list
Menu.cpp(8450): warning C4305: 'argument': truncation from 'double' to 'float'
Menu.cpp(10801): warning C4305: 'argument': truncation from 'double' to 'float'
Menu.cpp(10991): warning C4305: 'argument': truncation from 'double' to 'float'
Menu.cpp(11514): warning C4244: 'argument': conversion from 'float' to 'int', possible loss of data
Menu.cpp(11518): warning C4244: 'argument': conversion from 'float' to 'BOOL', possible loss of data
Menu.cpp(11520): warning C4244: 'argument': conversion from 'float' to 'int', possible loss of data
Menu.cpp(11524): warning C4244: 'argument': conversion from 'float' to 'BOOL', possible loss of data
Menu.cpp(11526): warning C4244: 'argument': conversion from 'float' to 'int', possible loss of data
Menu.cpp(11530): warning C4244: 'argument': conversion from 'float' to 'BOOL', possible loss of data
Menu.cpp(11532): warning C4244: 'argument': conversion from 'float' to 'int', possible loss of data
Menu.cpp(11538): warning C4244: 'argument': conversion from 'float' to 'int', possible loss of data
Menu.cpp(11544): warning C4244: 'argument': conversion from 'float' to 'int', possible loss of data
Menu.cpp(11572): warning C4244: 'argument': conversion from 'float' to 'int', possible loss of data
Menu.cpp(11576): warning C4244: 'argument': conversion from 'float' to 'BOOL', possible loss of data
Menu.cpp(11578): warning C4244: 'argument': conversion from 'float' to 'int', possible loss of data
Menu.cpp(11582): warning C4244: 'argument': conversion from 'float' to 'BOOL', possible loss of data
Menu.cpp(11584): warning C4244: 'argument': conversion from 'float' to 'int', possible loss of data
Menu.cpp(11588): warning C4244: 'argument': conversion from 'float' to 'BOOL', possible loss of data
Menu.cpp(11590): warning C4244: 'argument': conversion from 'float' to 'int', possible loss of data
Menu.cpp(11596): warning C4244: 'argument': conversion from 'float' to 'int', possible loss of data
Menu.cpp(11602): warning C4244: 'argument': conversion from 'float' to 'int', possible loss of data
Menu.cpp(3745): warning C4390: ';': empty controlled statement found; is this the intent?
Menu.cpp(3948): warning C4390: ';': empty controlled statement found; is this the intent?
  Generating code
b:\lifix\source\features.cpp(2839): warning C4700: uninitialized local variable 'isBackward' used
  388 of 14807 functions ( 2.6%) were compiled, the rest were copied from previous compilation.
    0 functions were new in current compilation
    144 functions had inline decision re-evaluated but remain unchanged
  Finished generating code
  SudoMod.vcxproj -> B:\Lifix\Build\Release\Aspire.dll
  SudoMod.vcxproj -> B:\Lifix\Build\Release\Aspire.pdb (Full PDB)
